
****** Vivado(TM) HLS - High-Level Synthesis from C, C++ and SystemC v2018.3 (64-bit)
  **** SW Build 2405991 on Thu Dec  6 23:38:27 MST 2018
  **** IP Build 2404404 on Fri Dec  7 01:43:56 MST 2018
    ** Copyright 1986-2018 Xilinx, Inc. All Rights Reserved.

source D:/Xilinx/Vivado/2018.3/scripts/vivado_hls/hls.tcl -notrace
INFO: [HLS 200-10] Running 'D:/Xilinx/Vivado/2018.3/bin/unwrapped/win64.o/vivado_hls.exe'
INFO: [HLS 200-10] For user 'David' on host 'laptop-b4kii2qq' (Windows NT_amd64 version 6.2) on Fri Apr 19 12:25:09 +0800 2019
INFO: [HLS 200-10] In directory 'D:/Pynq_CV_OV5640_master/boards/Pynq_Z2/ov5640/bitstream'
INFO: [HLS 200-10] Creating and opening project 'D:/Pynq_CV_OV5640_master/boards/Pynq_Z2/ov5640/bitstream/cv_ov5640_v_demosaic_0_0'.
INFO: [HLS 200-10] Adding design file 'd:/Pynq_CV_OV5640_master/boards/Pynq_Z2/ov5640/bitstream/cv_ov5640/cv_ov5640.srcs/sources_1/bd/cv_ov5640/ip/cv_ov5640_v_demosaic_0_0/src/v_demosaic_config.h' to the project
INFO: [HLS 200-10] Adding design file 'd:/Pynq_CV_OV5640_master/boards/Pynq_Z2/ov5640/bitstream/cv_ov5640/cv_ov5640.srcs/sources_1/bd/cv_ov5640/ip/cv_ov5640_v_demosaic_0_0/src/v_demosaic.cpp' to the project
INFO: [HLS 200-10] Adding design file 'd:/Pynq_CV_OV5640_master/boards/Pynq_Z2/ov5640/bitstream/cv_ov5640/cv_ov5640.srcs/sources_1/bd/cv_ov5640/ip/cv_ov5640_v_demosaic_0_0/src/v_demosaic.h' to the project
INFO: [HLS 200-10] Creating and opening solution 'D:/Pynq_CV_OV5640_master/boards/Pynq_Z2/ov5640/bitstream/cv_ov5640_v_demosaic_0_0/prj'.
INFO: [HLS 200-10] Setting target device to 'xc7z020clg400-1'
INFO: [SYN 201-201] Setting up clock 'ap_clk' with a period of 10ns.
INFO: [SCHED 204-61] Option 'relax_ii_for_timing' is enabled, will increase II to preserve clock frequency constraints.
INFO: [HLS 200-10] Analyzing design file 'd:/Pynq_CV_OV5640_master/boards/Pynq_Z2/ov5640/bitstream/cv_ov5640/cv_ov5640.srcs/sources_1/bd/cv_ov5640/ip/cv_ov5640_v_demosaic_0_0/src/v_demosaic.cpp' ... 
INFO: [HLS 200-111] Finished Linking Time (s): cpu = 00:00:01 ; elapsed = 00:00:13 . Memory (MB): peak = 104.328 ; gain = 19.293
INFO: [HLS 200-111] Finished Checking Pragmas Time (s): cpu = 00:00:01 ; elapsed = 00:00:13 . Memory (MB): peak = 104.328 ; gain = 19.293
INFO: [HLS 200-10] Starting code transformations ...
INFO: [XFORM 203-603] Inlining function 'hls::AXIGetBitFields<8, ap_uint<8> >.1' into 'hls::AXIGetBitFields<8, ap_uint<8> >' (D:/Xilinx/Vivado/2018.3/common/technology/autopilot/hls/hls_axi_io.h:71).
INFO: [XFORM 203-603] Inlining function 'hls::AXIGetBitFields<8, ap_uint<8> >' into 'AXIvideo2MultiBayer' (d:/Pynq_CV_OV5640_master/boards/Pynq_Z2/ov5640/bitstream/cv_ov5640/cv_ov5640.srcs/sources_1/bd/cv_ov5640/ip/cv_ov5640_v_demosaic_0_0/src/v_demosaic.cpp:165).
INFO: [XFORM 203-603] Inlining function 'hls::LineBuffer<5, 3841, ap_uint<8>, 0>::getval' into 'DebayerG' (d:/Pynq_CV_OV5640_master/boards/Pynq_Z2/ov5640/bitstream/cv_ov5640/cv_ov5640.srcs/sources_1/bd/cv_ov5640/ip/cv_ov5640_v_demosaic_0_0/src/v_demosaic.cpp:332).
INFO: [XFORM 203-603] Inlining function 'hls::LineBuffer<5, 3841, ap_uint<8>, 0>::insert_top_row' into 'hls::LineBuffer<5, 3841, ap_uint<8>, 0>::insert_bottom' (D:/Xilinx/Vivado/2018.3/common/technology/autopilot/hls/hls_video_mem.h:873).
INFO: [XFORM 203-603] Inlining function 'hls::LineBuffer<5, 3841, ap_uint<8>, 0>::insert_bottom' into 'DebayerG' (d:/Pynq_CV_OV5640_master/boards/Pynq_Z2/ov5640/bitstream/cv_ov5640/cv_ov5640.srcs/sources_1/bd/cv_ov5640/ip/cv_ov5640_v_demosaic_0_0/src/v_demosaic.cpp:353).
INFO: [XFORM 203-603] Inlining function 'hls::Window<5, 5, ap_uint<8> >::insert_pixel' into 'hls::Window<5, 5, ap_uint<8> >::insert' (D:/Xilinx/Vivado/2018.3/common/technology/autopilot/hls/hls_video_mem.h:573).
INFO: [XFORM 203-603] Inlining function 'hls::Window<5, 5, ap_uint<8> >::insert' into 'DebayerG' (d:/Pynq_CV_OV5640_master/boards/Pynq_Z2/ov5640/bitstream/cv_ov5640/cv_ov5640.srcs/sources_1/bd/cv_ov5640/ip/cv_ov5640_v_demosaic_0_0/src/v_demosaic.cpp:419).
INFO: [XFORM 203-603] Inlining function 'hls::Window<5, 5, ap_uint<8> >::insert' into 'DebayerG' (d:/Pynq_CV_OV5640_master/boards/Pynq_Z2/ov5640/bitstream/cv_ov5640/cv_ov5640.srcs/sources_1/bd/cv_ov5640/ip/cv_ov5640_v_demosaic_0_0/src/v_demosaic.cpp:392).
INFO: [XFORM 203-603] Inlining function 'hls::Window<5, 5, ap_uint<8> >::insert' into 'DebayerG' (d:/Pynq_CV_OV5640_master/boards/Pynq_Z2/ov5640/bitstream/cv_ov5640/cv_ov5640.srcs/sources_1/bd/cv_ov5640/ip/cv_ov5640_v_demosaic_0_0/src/v_demosaic.cpp:382).
INFO: [XFORM 203-603] Inlining function 'hls::Window<5, 5, ap_uint<8> >::getval' into 'hls::Window<5, 5, ap_uint<8> >::operator()' (D:/Xilinx/Vivado/2018.3/common/technology/autopilot/hls/hls_video_mem.h:501).
INFO: [XFORM 203-603] Inlining function 'hls::Window<5, 5, ap_uint<8> >::getval' into 'DebayerG' (d:/Pynq_CV_OV5640_master/boards/Pynq_Z2/ov5640/bitstream/cv_ov5640/cv_ov5640.srcs/sources_1/bd/cv_ov5640/ip/cv_ov5640_v_demosaic_0_0/src/v_demosaic.cpp:438).
INFO: [XFORM 203-603] Inlining function 'hls::Window<5, 5, ap_uint<8> >::operator()' into 'DebayerG' (d:/Pynq_CV_OV5640_master/boards/Pynq_Z2/ov5640/bitstream/cv_ov5640/cv_ov5640.srcs/sources_1/bd/cv_ov5640/ip/cv_ov5640_v_demosaic_0_0/src/v_demosaic.cpp:502).
INFO: [XFORM 203-603] Inlining function 'hls::Window<5, 5, ap_uint<8> >::operator()' into 'DebayerG' (d:/Pynq_CV_OV5640_master/boards/Pynq_Z2/ov5640/bitstream/cv_ov5640/cv_ov5640.srcs/sources_1/bd/cv_ov5640/ip/cv_ov5640_v_demosaic_0_0/src/v_demosaic.cpp:501).
INFO: [XFORM 203-603] Inlining function 'hls::Window<5, 5, ap_uint<8> >::operator()' into 'DebayerG' (d:/Pynq_CV_OV5640_master/boards/Pynq_Z2/ov5640/bitstream/cv_ov5640/cv_ov5640.srcs/sources_1/bd/cv_ov5640/ip/cv_ov5640_v_demosaic_0_0/src/v_demosaic.cpp:499).
INFO: [XFORM 203-603] Inlining function 'hls::Window<5, 5, ap_uint<8> >::operator()' into 'DebayerG' (d:/Pynq_CV_OV5640_master/boards/Pynq_Z2/ov5640/bitstream/cv_ov5640/cv_ov5640.srcs/sources_1/bd/cv_ov5640/ip/cv_ov5640_v_demosaic_0_0/src/v_demosaic.cpp:479).
INFO: [XFORM 203-603] Inlining function 'hls::Window<5, 5, ap_uint<8> >::operator()' into 'DebayerG' (d:/Pynq_CV_OV5640_master/boards/Pynq_Z2/ov5640/bitstream/cv_ov5640/cv_ov5640.srcs/sources_1/bd/cv_ov5640/ip/cv_ov5640_v_demosaic_0_0/src/v_demosaic.cpp:479).
INFO: [XFORM 203-603] Inlining function 'hls::Window<5, 5, ap_uint<8> >::operator()' into 'DebayerG' (d:/Pynq_CV_OV5640_master/boards/Pynq_Z2/ov5640/bitstream/cv_ov5640/cv_ov5640.srcs/sources_1/bd/cv_ov5640/ip/cv_ov5640_v_demosaic_0_0/src/v_demosaic.cpp:479).
INFO: [XFORM 203-603] Inlining function 'hls::Window<5, 5, ap_uint<8> >::operator()' into 'DebayerG' (d:/Pynq_CV_OV5640_master/boards/Pynq_Z2/ov5640/bitstream/cv_ov5640/cv_ov5640.srcs/sources_1/bd/cv_ov5640/ip/cv_ov5640_v_demosaic_0_0/src/v_demosaic.cpp:479).
INFO: [XFORM 203-603] Inlining function 'hls::Window<5, 5, ap_uint<8> >::operator()' into 'DebayerG' (d:/Pynq_CV_OV5640_master/boards/Pynq_Z2/ov5640/bitstream/cv_ov5640/cv_ov5640.srcs/sources_1/bd/cv_ov5640/ip/cv_ov5640_v_demosaic_0_0/src/v_demosaic.cpp:478).
INFO: [XFORM 203-603] Inlining function 'hls::Window<5, 5, ap_uint<8> >::operator()' into 'DebayerG' (d:/Pynq_CV_OV5640_master/boards/Pynq_Z2/ov5640/bitstream/cv_ov5640/cv_ov5640.srcs/sources_1/bd/cv_ov5640/ip/cv_ov5640_v_demosaic_0_0/src/v_demosaic.cpp:478).
INFO: [XFORM 203-603] Inlining function 'hls::Window<5, 5, ap_uint<8> >::operator()' into 'DebayerG' (d:/Pynq_CV_OV5640_master/boards/Pynq_Z2/ov5640/bitstream/cv_ov5640/cv_ov5640.srcs/sources_1/bd/cv_ov5640/ip/cv_ov5640_v_demosaic_0_0/src/v_demosaic.cpp:478).
INFO: [XFORM 203-603] Inlining function 'hls::Window<5, 5, ap_uint<8> >::operator()' into 'DebayerG' (d:/Pynq_CV_OV5640_master/boards/Pynq_Z2/ov5640/bitstream/cv_ov5640/cv_ov5640.srcs/sources_1/bd/cv_ov5640/ip/cv_ov5640_v_demosaic_0_0/src/v_demosaic.cpp:478).
INFO: [XFORM 203-603] Inlining function 'hls::Window<5, 5, ap_uint<8> >::operator()' into 'DebayerG' (d:/Pynq_CV_OV5640_master/boards/Pynq_Z2/ov5640/bitstream/cv_ov5640/cv_ov5640.srcs/sources_1/bd/cv_ov5640/ip/cv_ov5640_v_demosaic_0_0/src/v_demosaic.cpp:456).
INFO: [XFORM 203-603] Inlining function 'hls::Window<5, 5, ap_uint<8> >::operator()' into 'DebayerG' (d:/Pynq_CV_OV5640_master/boards/Pynq_Z2/ov5640/bitstream/cv_ov5640/cv_ov5640.srcs/sources_1/bd/cv_ov5640/ip/cv_ov5640_v_demosaic_0_0/src/v_demosaic.cpp:456).
INFO: [XFORM 203-603] Inlining function 'hls::Window<5, 5, ap_uint<8> >::operator()' into 'DebayerG' (d:/Pynq_CV_OV5640_master/boards/Pynq_Z2/ov5640/bitstream/cv_ov5640/cv_ov5640.srcs/sources_1/bd/cv_ov5640/ip/cv_ov5640_v_demosaic_0_0/src/v_demosaic.cpp:456).
INFO: [XFORM 203-603] Inlining function 'hls::Window<5, 5, ap_uint<8> >::operator()' into 'DebayerG' (d:/Pynq_CV_OV5640_master/boards/Pynq_Z2/ov5640/bitstream/cv_ov5640/cv_ov5640.srcs/sources_1/bd/cv_ov5640/ip/cv_ov5640_v_demosaic_0_0/src/v_demosaic.cpp:455).
INFO: [XFORM 203-603] Inlining function 'hls::Window<5, 5, ap_uint<8> >::operator()' into 'DebayerG' (d:/Pynq_CV_OV5640_master/boards/Pynq_Z2/ov5640/bitstream/cv_ov5640/cv_ov5640.srcs/sources_1/bd/cv_ov5640/ip/cv_ov5640_v_demosaic_0_0/src/v_demosaic.cpp:455).
INFO: [XFORM 203-603] Inlining function 'hls::Window<5, 5, ap_uint<8> >::operator()' into 'DebayerG' (d:/Pynq_CV_OV5640_master/boards/Pynq_Z2/ov5640/bitstream/cv_ov5640/cv_ov5640.srcs/sources_1/bd/cv_ov5640/ip/cv_ov5640_v_demosaic_0_0/src/v_demosaic.cpp:455).
INFO: [XFORM 203-603] Inlining function 'hls::Window<5, 5, ap_uint<8> >::operator()' into 'DebayerG' (d:/Pynq_CV_OV5640_master/boards/Pynq_Z2/ov5640/bitstream/cv_ov5640/cv_ov5640.srcs/sources_1/bd/cv_ov5640/ip/cv_ov5640_v_demosaic_0_0/src/v_demosaic.cpp:454).
INFO: [XFORM 203-603] Inlining function 'hls::Window<5, 5, ap_uint<8> >::operator()' into 'DebayerG' (d:/Pynq_CV_OV5640_master/boards/Pynq_Z2/ov5640/bitstream/cv_ov5640/cv_ov5640.srcs/sources_1/bd/cv_ov5640/ip/cv_ov5640_v_demosaic_0_0/src/v_demosaic.cpp:454).
INFO: [XFORM 203-603] Inlining function 'hls::Window<5, 5, ap_uint<8> >::operator()' into 'DebayerG' (d:/Pynq_CV_OV5640_master/boards/Pynq_Z2/ov5640/bitstream/cv_ov5640/cv_ov5640.srcs/sources_1/bd/cv_ov5640/ip/cv_ov5640_v_demosaic_0_0/src/v_demosaic.cpp:454).
INFO: [XFORM 203-603] Inlining function 'hls::Window<5, 5, ap_uint<8> >::operator()' into 'DebayerG' (d:/Pynq_CV_OV5640_master/boards/Pynq_Z2/ov5640/bitstream/cv_ov5640/cv_ov5640.srcs/sources_1/bd/cv_ov5640/ip/cv_ov5640_v_demosaic_0_0/src/v_demosaic.cpp:453).
INFO: [XFORM 203-603] Inlining function 'hls::Window<5, 5, ap_uint<8> >::operator()' into 'DebayerG' (d:/Pynq_CV_OV5640_master/boards/Pynq_Z2/ov5640/bitstream/cv_ov5640/cv_ov5640.srcs/sources_1/bd/cv_ov5640/ip/cv_ov5640_v_demosaic_0_0/src/v_demosaic.cpp:453).
INFO: [XFORM 203-603] Inlining function 'hls::Window<5, 5, ap_uint<8> >::operator()' into 'DebayerG' (d:/Pynq_CV_OV5640_master/boards/Pynq_Z2/ov5640/bitstream/cv_ov5640/cv_ov5640.srcs/sources_1/bd/cv_ov5640/ip/cv_ov5640_v_demosaic_0_0/src/v_demosaic.cpp:453).
INFO: [XFORM 203-603] Inlining function 'hls::Window<5, 5, ap_uint<8> >::operator()' into 'DebayerG' (d:/Pynq_CV_OV5640_master/boards/Pynq_Z2/ov5640/bitstream/cv_ov5640/cv_ov5640.srcs/sources_1/bd/cv_ov5640/ip/cv_ov5640_v_demosaic_0_0/src/v_demosaic.cpp:452).
INFO: [XFORM 203-603] Inlining function 'hls::Window<5, 5, ap_uint<8> >::operator()' into 'DebayerG' (d:/Pynq_CV_OV5640_master/boards/Pynq_Z2/ov5640/bitstream/cv_ov5640/cv_ov5640.srcs/sources_1/bd/cv_ov5640/ip/cv_ov5640_v_demosaic_0_0/src/v_demosaic.cpp:452).
INFO: [XFORM 203-603] Inlining function 'hls::Window<5, 5, ap_uint<8> >::operator()' into 'DebayerG' (d:/Pynq_CV_OV5640_master/boards/Pynq_Z2/ov5640/bitstream/cv_ov5640/cv_ov5640.srcs/sources_1/bd/cv_ov5640/ip/cv_ov5640_v_demosaic_0_0/src/v_demosaic.cpp:452).
INFO: [XFORM 203-603] Inlining function 'hls::Window<5, 5, ap_uint<8> >::operator()' into 'DebayerG' (d:/Pynq_CV_OV5640_master/boards/Pynq_Z2/ov5640/bitstream/cv_ov5640/cv_ov5640.srcs/sources_1/bd/cv_ov5640/ip/cv_ov5640_v_demosaic_0_0/src/v_demosaic.cpp:451).
INFO: [XFORM 203-603] Inlining function 'hls::Window<5, 5, ap_uint<8> >::operator()' into 'DebayerG' (d:/Pynq_CV_OV5640_master/boards/Pynq_Z2/ov5640/bitstream/cv_ov5640/cv_ov5640.srcs/sources_1/bd/cv_ov5640/ip/cv_ov5640_v_demosaic_0_0/src/v_demosaic.cpp:451).
INFO: [XFORM 203-603] Inlining function 'hls::Window<5, 5, ap_uint<8> >::operator()' into 'DebayerG' (d:/Pynq_CV_OV5640_master/boards/Pynq_Z2/ov5640/bitstream/cv_ov5640/cv_ov5640.srcs/sources_1/bd/cv_ov5640/ip/cv_ov5640_v_demosaic_0_0/src/v_demosaic.cpp:451).
INFO: [XFORM 203-603] Inlining function 'hls::Window<5, 5, ap_uint<8> >::operator()' into 'DebayerG' (d:/Pynq_CV_OV5640_master/boards/Pynq_Z2/ov5640/bitstream/cv_ov5640/cv_ov5640.srcs/sources_1/bd/cv_ov5640/ip/cv_ov5640_v_demosaic_0_0/src/v_demosaic.cpp:450).
INFO: [XFORM 203-603] Inlining function 'hls::Window<5, 5, ap_uint<8> >::operator()' into 'DebayerG' (d:/Pynq_CV_OV5640_master/boards/Pynq_Z2/ov5640/bitstream/cv_ov5640/cv_ov5640.srcs/sources_1/bd/cv_ov5640/ip/cv_ov5640_v_demosaic_0_0/src/v_demosaic.cpp:450).
INFO: [XFORM 203-603] Inlining function 'hls::Window<5, 5, ap_uint<8> >::operator()' into 'DebayerG' (d:/Pynq_CV_OV5640_master/boards/Pynq_Z2/ov5640/bitstream/cv_ov5640/cv_ov5640.srcs/sources_1/bd/cv_ov5640/ip/cv_ov5640_v_demosaic_0_0/src/v_demosaic.cpp:450).
INFO: [XFORM 203-603] Inlining function 'hls::Window<5, 5, ap_uint<8> >::operator()' into 'DebayerG' (d:/Pynq_CV_OV5640_master/boards/Pynq_Z2/ov5640/bitstream/cv_ov5640/cv_ov5640.srcs/sources_1/bd/cv_ov5640/ip/cv_ov5640_v_demosaic_0_0/src/v_demosaic.cpp:449).
INFO: [XFORM 203-603] Inlining function 'hls::Window<5, 5, ap_uint<8> >::operator()' into 'DebayerG' (d:/Pynq_CV_OV5640_master/boards/Pynq_Z2/ov5640/bitstream/cv_ov5640/cv_ov5640.srcs/sources_1/bd/cv_ov5640/ip/cv_ov5640_v_demosaic_0_0/src/v_demosaic.cpp:449).
INFO: [XFORM 203-603] Inlining function 'hls::Window<5, 5, ap_uint<8> >::operator()' into 'DebayerG' (d:/Pynq_CV_OV5640_master/boards/Pynq_Z2/ov5640/bitstream/cv_ov5640/cv_ov5640.srcs/sources_1/bd/cv_ov5640/ip/cv_ov5640_v_demosaic_0_0/src/v_demosaic.cpp:449).
INFO: [XFORM 203-603] Inlining function 'hls::Window<5, 5, ap_uint<8> >::operator()' into 'DebayerG' (d:/Pynq_CV_OV5640_master/boards/Pynq_Z2/ov5640/bitstream/cv_ov5640/cv_ov5640.srcs/sources_1/bd/cv_ov5640/ip/cv_ov5640_v_demosaic_0_0/src/v_demosaic.cpp:448).
INFO: [XFORM 203-603] Inlining function 'hls::Window<5, 5, ap_uint<8> >::operator()' into 'DebayerG' (d:/Pynq_CV_OV5640_master/boards/Pynq_Z2/ov5640/bitstream/cv_ov5640/cv_ov5640.srcs/sources_1/bd/cv_ov5640/ip/cv_ov5640_v_demosaic_0_0/src/v_demosaic.cpp:448).
INFO: [XFORM 203-603] Inlining function 'hls::Window<5, 5, ap_uint<8> >::operator()' into 'DebayerG' (d:/Pynq_CV_OV5640_master/boards/Pynq_Z2/ov5640/bitstream/cv_ov5640/cv_ov5640.srcs/sources_1/bd/cv_ov5640/ip/cv_ov5640_v_demosaic_0_0/src/v_demosaic.cpp:448).
INFO: [XFORM 203-603] Inlining function 'hls::Window<5, 5, ap_uint<8> >::operator()' into 'DebayerG' (d:/Pynq_CV_OV5640_master/boards/Pynq_Z2/ov5640/bitstream/cv_ov5640/cv_ov5640.srcs/sources_1/bd/cv_ov5640/ip/cv_ov5640_v_demosaic_0_0/src/v_demosaic.cpp:447).
INFO: [XFORM 203-603] Inlining function 'hls::Window<5, 5, ap_uint<8> >::operator()' into 'DebayerG' (d:/Pynq_CV_OV5640_master/boards/Pynq_Z2/ov5640/bitstream/cv_ov5640/cv_ov5640.srcs/sources_1/bd/cv_ov5640/ip/cv_ov5640_v_demosaic_0_0/src/v_demosaic.cpp:447).
INFO: [XFORM 203-603] Inlining function 'hls::Window<5, 5, ap_uint<8> >::operator()' into 'DebayerG' (d:/Pynq_CV_OV5640_master/boards/Pynq_Z2/ov5640/bitstream/cv_ov5640/cv_ov5640.srcs/sources_1/bd/cv_ov5640/ip/cv_ov5640_v_demosaic_0_0/src/v_demosaic.cpp:447).
INFO: [XFORM 203-603] Inlining function 'hls::Window<5, 5, ap_uint<8> >::operator()' into 'DebayerG' (d:/Pynq_CV_OV5640_master/boards/Pynq_Z2/ov5640/bitstream/cv_ov5640/cv_ov5640.srcs/sources_1/bd/cv_ov5640/ip/cv_ov5640_v_demosaic_0_0/src/v_demosaic.cpp:446).
INFO: [XFORM 203-603] Inlining function 'hls::Window<5, 5, ap_uint<8> >::operator()' into 'DebayerG' (d:/Pynq_CV_OV5640_master/boards/Pynq_Z2/ov5640/bitstream/cv_ov5640/cv_ov5640.srcs/sources_1/bd/cv_ov5640/ip/cv_ov5640_v_demosaic_0_0/src/v_demosaic.cpp:446).
INFO: [XFORM 203-603] Inlining function 'hls::Window<5, 5, ap_uint<8> >::operator()' into 'DebayerG' (d:/Pynq_CV_OV5640_master/boards/Pynq_Z2/ov5640/bitstream/cv_ov5640/cv_ov5640.srcs/sources_1/bd/cv_ov5640/ip/cv_ov5640_v_demosaic_0_0/src/v_demosaic.cpp:446).
INFO: [XFORM 203-603] Inlining function 'hls::Window<5, 5, ap_uint<8> >::operator()' into 'DebayerG' (d:/Pynq_CV_OV5640_master/boards/Pynq_Z2/ov5640/bitstream/cv_ov5640/cv_ov5640.srcs/sources_1/bd/cv_ov5640/ip/cv_ov5640_v_demosaic_0_0/src/v_demosaic.cpp:445).
INFO: [XFORM 203-603] Inlining function 'hls::Window<5, 5, ap_uint<8> >::operator()' into 'DebayerG' (d:/Pynq_CV_OV5640_master/boards/Pynq_Z2/ov5640/bitstream/cv_ov5640/cv_ov5640.srcs/sources_1/bd/cv_ov5640/ip/cv_ov5640_v_demosaic_0_0/src/v_demosaic.cpp:445).
INFO: [XFORM 203-603] Inlining function 'hls::Window<5, 5, ap_uint<8> >::operator()' into 'DebayerG' (d:/Pynq_CV_OV5640_master/boards/Pynq_Z2/ov5640/bitstream/cv_ov5640/cv_ov5640.srcs/sources_1/bd/cv_ov5640/ip/cv_ov5640_v_demosaic_0_0/src/v_demosaic.cpp:445).
INFO: [XFORM 203-603] Inlining function 'hls::LineBuffer<3, 3841, ap_uint<24>, 0>::getval' into 'DebayerRandBatG' (d:/Pynq_CV_OV5640_master/boards/Pynq_Z2/ov5640/bitstream/cv_ov5640/cv_ov5640.srcs/sources_1/bd/cv_ov5640/ip/cv_ov5640_v_demosaic_0_0/src/v_demosaic.cpp:888).
INFO: [XFORM 203-603] Inlining function 'hls::LineBuffer<3, 3841, ap_uint<24>, 0>::getval' into 'DebayerRatBorBatR' (d:/Pynq_CV_OV5640_master/boards/Pynq_Z2/ov5640/bitstream/cv_ov5640/cv_ov5640.srcs/sources_1/bd/cv_ov5640/ip/cv_ov5640_v_demosaic_0_0/src/v_demosaic.cpp:644).
INFO: [XFORM 203-603] Inlining function 'hls::LineBuffer<3, 3841, ap_uint<24>, 0>::insert_top_row' into 'hls::LineBuffer<3, 3841, ap_uint<24>, 0>::insert_bottom' (D:/Xilinx/Vivado/2018.3/common/technology/autopilot/hls/hls_video_mem.h:873).
INFO: [XFORM 203-603] Inlining function 'hls::LineBuffer<3, 3841, ap_uint<24>, 0>::insert_bottom' into 'DebayerRandBatG' (d:/Pynq_CV_OV5640_master/boards/Pynq_Z2/ov5640/bitstream/cv_ov5640/cv_ov5640.srcs/sources_1/bd/cv_ov5640/ip/cv_ov5640_v_demosaic_0_0/src/v_demosaic.cpp:914).
INFO: [XFORM 203-603] Inlining function 'hls::LineBuffer<3, 3841, ap_uint<24>, 0>::insert_bottom' into 'DebayerRatBorBatR' (d:/Pynq_CV_OV5640_master/boards/Pynq_Z2/ov5640/bitstream/cv_ov5640/cv_ov5640.srcs/sources_1/bd/cv_ov5640/ip/cv_ov5640_v_demosaic_0_0/src/v_demosaic.cpp:671).
INFO: [XFORM 203-603] Inlining function 'hls::Window<3, 3, hls::Scalar<3, ap_uint<8> > >::insert_pixel' into 'hls::Window<3, 3, hls::Scalar<3, ap_uint<8> > >::insert' (D:/Xilinx/Vivado/2018.3/common/technology/autopilot/hls/hls_video_mem.h:573).
INFO: [XFORM 203-603] Inlining function 'hls::Window<3, 3, hls::Scalar<3, ap_uint<8> > >::insert' into 'DebayerRandBatG' (d:/Pynq_CV_OV5640_master/boards/Pynq_Z2/ov5640/bitstream/cv_ov5640/cv_ov5640.srcs/sources_1/bd/cv_ov5640/ip/cv_ov5640_v_demosaic_0_0/src/v_demosaic.cpp:989).
INFO: [XFORM 203-603] Inlining function 'hls::Window<3, 3, hls::Scalar<3, ap_uint<8> > >::insert' into 'DebayerRandBatG' (d:/Pynq_CV_OV5640_master/boards/Pynq_Z2/ov5640/bitstream/cv_ov5640/cv_ov5640.srcs/sources_1/bd/cv_ov5640/ip/cv_ov5640_v_demosaic_0_0/src/v_demosaic.cpp:957).
INFO: [XFORM 203-603] Inlining function 'hls::Window<3, 3, hls::Scalar<3, ap_uint<8> > >::insert' into 'DebayerRandBatG' (d:/Pynq_CV_OV5640_master/boards/Pynq_Z2/ov5640/bitstream/cv_ov5640/cv_ov5640.srcs/sources_1/bd/cv_ov5640/ip/cv_ov5640_v_demosaic_0_0/src/v_demosaic.cpp:945).
INFO: [XFORM 203-603] Inlining function 'hls::Window<3, 3, hls::Scalar<3, ap_uint<8> > >::insert' into 'DebayerRatBorBatR' (d:/Pynq_CV_OV5640_master/boards/Pynq_Z2/ov5640/bitstream/cv_ov5640/cv_ov5640.srcs/sources_1/bd/cv_ov5640/ip/cv_ov5640_v_demosaic_0_0/src/v_demosaic.cpp:746).
INFO: [XFORM 203-603] Inlining function 'hls::Window<3, 3, hls::Scalar<3, ap_uint<8> > >::insert' into 'DebayerRatBorBatR' (d:/Pynq_CV_OV5640_master/boards/Pynq_Z2/ov5640/bitstream/cv_ov5640/cv_ov5640.srcs/sources_1/bd/cv_ov5640/ip/cv_ov5640_v_demosaic_0_0/src/v_demosaic.cpp:714).
INFO: [XFORM 203-603] Inlining function 'hls::Window<3, 3, hls::Scalar<3, ap_uint<8> > >::insert' into 'DebayerRatBorBatR' (d:/Pynq_CV_OV5640_master/boards/Pynq_Z2/ov5640/bitstream/cv_ov5640/cv_ov5640.srcs/sources_1/bd/cv_ov5640/ip/cv_ov5640_v_demosaic_0_0/src/v_demosaic.cpp:702).
INFO: [XFORM 203-603] Inlining function 'hls::Window<3, 3, hls::Scalar<3, ap_uint<8> > >::getval' into 'hls::Window<3, 3, hls::Scalar<3, ap_uint<8> > >::operator()' (D:/Xilinx/Vivado/2018.3/common/technology/autopilot/hls/hls_video_mem.h:501).
INFO: [XFORM 203-603] Inlining function 'hls::Window<3, 3, hls::Scalar<3, ap_uint<8> > >::operator()' into 'DebayerRandBatG' (d:/Pynq_CV_OV5640_master/boards/Pynq_Z2/ov5640/bitstream/cv_ov5640/cv_ov5640.srcs/sources_1/bd/cv_ov5640/ip/cv_ov5640_v_demosaic_0_0/src/v_demosaic.cpp:1009).
INFO: [XFORM 203-603] Inlining function 'hls::Window<3, 3, hls::Scalar<3, ap_uint<8> > >::operator()' into 'DebayerRandBatG' (d:/Pynq_CV_OV5640_master/boards/Pynq_Z2/ov5640/bitstream/cv_ov5640/cv_ov5640.srcs/sources_1/bd/cv_ov5640/ip/cv_ov5640_v_demosaic_0_0/src/v_demosaic.cpp:1008).
INFO: [XFORM 203-603] Inlining function 'hls::Window<3, 3, hls::Scalar<3, ap_uint<8> > >::operator()' into 'DebayerRandBatG' (d:/Pynq_CV_OV5640_master/boards/Pynq_Z2/ov5640/bitstream/cv_ov5640/cv_ov5640.srcs/sources_1/bd/cv_ov5640/ip/cv_ov5640_v_demosaic_0_0/src/v_demosaic.cpp:1007).
INFO: [XFORM 203-603] Inlining function 'hls::Window<3, 3, hls::Scalar<3, ap_uint<8> > >::operator()' into 'DebayerRandBatG' (d:/Pynq_CV_OV5640_master/boards/Pynq_Z2/ov5640/bitstream/cv_ov5640/cv_ov5640.srcs/sources_1/bd/cv_ov5640/ip/cv_ov5640_v_demosaic_0_0/src/v_demosaic.cpp:1006).
INFO: [XFORM 203-603] Inlining function 'hls::Window<3, 3, hls::Scalar<3, ap_uint<8> > >::operator()' into 'DebayerRandBatG' (d:/Pynq_CV_OV5640_master/boards/Pynq_Z2/ov5640/bitstream/cv_ov5640/cv_ov5640.srcs/sources_1/bd/cv_ov5640/ip/cv_ov5640_v_demosaic_0_0/src/v_demosaic.cpp:1005).
INFO: [XFORM 203-603] Inlining function 'hls::Window<3, 3, hls::Scalar<3, ap_uint<8> > >::operator()' into 'DebayerRandBatG' (d:/Pynq_CV_OV5640_master/boards/Pynq_Z2/ov5640/bitstream/cv_ov5640/cv_ov5640.srcs/sources_1/bd/cv_ov5640/ip/cv_ov5640_v_demosaic_0_0/src/v_demosaic.cpp:997).
INFO: [XFORM 203-603] Inlining function 'hls::Window<3, 3, hls::Scalar<3, ap_uint<8> > >::operator()' into 'DebayerRatBorBatR' (d:/Pynq_CV_OV5640_master/boards/Pynq_Z2/ov5640/bitstream/cv_ov5640/cv_ov5640.srcs/sources_1/bd/cv_ov5640/ip/cv_ov5640_v_demosaic_0_0/src/v_demosaic.cpp:771).
INFO: [XFORM 203-603] Inlining function 'hls::Window<3, 3, hls::Scalar<3, ap_uint<8> > >::operator()' into 'DebayerRatBorBatR' (d:/Pynq_CV_OV5640_master/boards/Pynq_Z2/ov5640/bitstream/cv_ov5640/cv_ov5640.srcs/sources_1/bd/cv_ov5640/ip/cv_ov5640_v_demosaic_0_0/src/v_demosaic.cpp:770).
INFO: [XFORM 203-603] Inlining function 'hls::Window<3, 3, hls::Scalar<3, ap_uint<8> > >::operator()' into 'DebayerRatBorBatR' (d:/Pynq_CV_OV5640_master/boards/Pynq_Z2/ov5640/bitstream/cv_ov5640/cv_ov5640.srcs/sources_1/bd/cv_ov5640/ip/cv_ov5640_v_demosaic_0_0/src/v_demosaic.cpp:769).
INFO: [XFORM 203-603] Inlining function 'hls::Window<3, 3, hls::Scalar<3, ap_uint<8> > >::operator()' into 'DebayerRatBorBatR' (d:/Pynq_CV_OV5640_master/boards/Pynq_Z2/ov5640/bitstream/cv_ov5640/cv_ov5640.srcs/sources_1/bd/cv_ov5640/ip/cv_ov5640_v_demosaic_0_0/src/v_demosaic.cpp:768).
INFO: [XFORM 203-603] Inlining function 'hls::Window<3, 3, hls::Scalar<3, ap_uint<8> > >::operator()' into 'DebayerRatBorBatR' (d:/Pynq_CV_OV5640_master/boards/Pynq_Z2/ov5640/bitstream/cv_ov5640/cv_ov5640.srcs/sources_1/bd/cv_ov5640/ip/cv_ov5640_v_demosaic_0_0/src/v_demosaic.cpp:767).
INFO: [XFORM 203-603] Inlining function 'hls::Window<3, 3, hls::Scalar<3, ap_uint<8> > >::operator()' into 'DebayerRatBorBatR' (d:/Pynq_CV_OV5640_master/boards/Pynq_Z2/ov5640/bitstream/cv_ov5640/cv_ov5640.srcs/sources_1/bd/cv_ov5640/ip/cv_ov5640_v_demosaic_0_0/src/v_demosaic.cpp:754).
INFO: [HLS 200-111] Finished Standard Transforms Time (s): cpu = 00:00:04 ; elapsed = 00:00:20 . Memory (MB): peak = 349.941 ; gain = 264.906
INFO: [HLS 200-10] Checking synthesizability ...
WARNING: [SYNCHK 200-23] d:/Pynq_CV_OV5640_master/boards/Pynq_Z2/ov5640/bitstream/cv_ov5640/cv_ov5640.srcs/sources_1/bd/cv_ov5640/ip/cv_ov5640_v_demosaic_0_0/src/v_demosaic.cpp:236: variable-indexed range selection may cause suboptimal QoR.
INFO: [SYNCHK 200-10] 0 error(s), 1 warning(s).
INFO: [HLS 200-111] Finished Checking Synthesizability Time (s): cpu = 00:00:05 ; elapsed = 00:00:21 . Memory (MB): peak = 361.660 ; gain = 276.625
INFO: [XFORM 203-502] Unrolling all sub-loops inside loop 'Loop-1.1' in function 'ZipperRemoval' for pipelining.
INFO: [XFORM 203-502] Unrolling all sub-loops inside loop 'Loop-1.1' (d:/Pynq_CV_OV5640_master/boards/Pynq_Z2/ov5640/bitstream/cv_ov5640/cv_ov5640.srcs/sources_1/bd/cv_ov5640/ip/cv_ov5640_v_demosaic_0_0/src/v_demosaic.cpp:213) in function 'MultiPixStream2AXIvideo' for pipelining.
INFO: [XFORM 203-502] Unrolling all sub-loops inside loop 'Loop-3.1' in function 'DebayerRatBorBatR' for pipelining.
INFO: [XFORM 203-502] Unrolling all sub-loops inside loop 'Loop-3.1' in function 'DebayerRandBatG' for pipelining.
INFO: [XFORM 203-502] Unrolling all sub-loops inside loop 'Loop-2.1' in function 'DebayerG' for pipelining.
INFO: [XFORM 203-502] Unrolling all sub-loops inside loop 'loop_width' (d:/Pynq_CV_OV5640_master/boards/Pynq_Z2/ov5640/bitstream/cv_ov5640/cv_ov5640.srcs/sources_1/bd/cv_ov5640/ip/cv_ov5640_v_demosaic_0_0/src/v_demosaic.cpp:150) in function 'AXIvideo2MultiBayer' for pipelining.
INFO: [HLS 200-489] Unrolling loop 'Loop-1.1.1' in function 'ZipperRemoval' completely with a factor of 3.
INFO: [HLS 200-489] Unrolling loop 'Loop-1.1.2' in function 'ZipperRemoval' completely with a factor of 1.
INFO: [HLS 200-489] Unrolling loop 'Loop-1.1.2.1' in function 'ZipperRemoval' completely with a factor of 2.
INFO: [HLS 200-489] Unrolling loop 'Loop-1.1.3' in function 'ZipperRemoval' completely with a factor of 1.
INFO: [HLS 200-489] Unrolling loop 'Loop-1.1.1' (D:/Xilinx/Vivado/2018.3/common/technology/autopilot/hls/hls_video_core.h:180) in function 'MultiPixStream2AXIvideo' completely with a factor of 3.
INFO: [HLS 200-489] Unrolling loop 'Loop-1.1.2' (d:/Pynq_CV_OV5640_master/boards/Pynq_Z2/ov5640/bitstream/cv_ov5640/cv_ov5640.srcs/sources_1/bd/cv_ov5640/ip/cv_ov5640_v_demosaic_0_0/src/v_demosaic.cpp:231) in function 'MultiPixStream2AXIvideo' completely with a factor of 1.
INFO: [HLS 200-489] Unrolling loop 'Loop-1.1.2.1' (d:/Pynq_CV_OV5640_master/boards/Pynq_Z2/ov5640/bitstream/cv_ov5640/cv_ov5640.srcs/sources_1/bd/cv_ov5640/ip/cv_ov5640_v_demosaic_0_0/src/v_demosaic.cpp:233) in function 'MultiPixStream2AXIvideo' completely with a factor of 3.
INFO: [HLS 200-489] Unrolling loop 'Loop-3.1.1' in function 'DebayerRatBorBatR' completely with a factor of 3.
INFO: [HLS 200-489] Unrolling loop 'Loop-3.1.1.1' in function 'DebayerRatBorBatR' completely with a factor of 1.
INFO: [HLS 200-489] Unrolling loop 'Loop-3.1.1.1.1' in function 'DebayerRatBorBatR' completely with a factor of 3.
INFO: [HLS 200-489] Unrolling loop 'Loop-3.1.2' in function 'DebayerRatBorBatR' completely with a factor of 2.
INFO: [HLS 200-489] Unrolling loop 'Loop-3.1.2.1' in function 'DebayerRatBorBatR' completely with a factor of 3.
INFO: [HLS 200-489] Unrolling loop 'Loop-3.1.3' in function 'DebayerRatBorBatR' completely with a factor of 3.
INFO: [HLS 200-489] Unrolling loop 'Loop-3.1.4' in function 'DebayerRatBorBatR' completely with a factor of 1.
INFO: [HLS 200-489] Unrolling loop 'Loop-3.1.4.1' in function 'DebayerRatBorBatR' completely with a factor of 3.
INFO: [HLS 200-489] Unrolling loop 'Loop-3.1.5' in function 'DebayerRatBorBatR' completely with a factor of 3.
INFO: [HLS 200-489] Unrolling loop 'Loop-3.1.6' in function 'DebayerRatBorBatR' completely with a factor of 3.
INFO: [HLS 200-489] Unrolling loop 'Loop-3.1.6.1' in function 'DebayerRatBorBatR' completely with a factor of 2.
INFO: [HLS 200-489] Unrolling loop 'Loop-3.1.6.1.1' in function 'DebayerRatBorBatR' completely with a factor of 3.
INFO: [HLS 200-489] Unrolling loop 'Loop-3.1.7' in function 'DebayerRatBorBatR' completely with a factor of 3.
INFO: [HLS 200-489] Unrolling loop 'Loop-3.1.7.1' in function 'DebayerRatBorBatR' completely with a factor of 1.
INFO: [HLS 200-489] Unrolling loop 'Loop-3.1.7.1.1' in function 'DebayerRatBorBatR' completely with a factor of 3.
INFO: [HLS 200-489] Unrolling loop 'Loop-3.1.7.2' in function 'DebayerRatBorBatR' completely with a factor of 2.
INFO: [HLS 200-489] Unrolling loop 'Loop-3.1.7.2.1' in function 'DebayerRatBorBatR' completely with a factor of 3.
INFO: [HLS 200-489] Unrolling loop 'Loop-3.1.8' in function 'DebayerRatBorBatR' completely with a factor of 2.
INFO: [HLS 200-489] Unrolling loop 'Loop-3.1.8.1' in function 'DebayerRatBorBatR' completely with a factor of 1.
INFO: [HLS 200-489] Unrolling loop 'Loop-3.1.8.1.1' in function 'DebayerRatBorBatR' completely with a factor of 3.
INFO: [HLS 200-489] Unrolling loop 'Loop-3.1.9' in function 'DebayerRatBorBatR' completely with a factor of 3.
INFO: [HLS 200-489] Unrolling loop 'Loop-3.1.9.1' in function 'DebayerRatBorBatR' completely with a factor of 1.
INFO: [HLS 200-489] Unrolling loop 'Loop-3.1.9.1.1' in function 'DebayerRatBorBatR' completely with a factor of 3.
INFO: [HLS 200-489] Unrolling loop 'Loop-3.1.10' in function 'DebayerRatBorBatR' completely with a factor of 1.
INFO: [HLS 200-489] Unrolling loop 'Loop-3.1.1' in function 'DebayerRandBatG' completely with a factor of 3.
INFO: [HLS 200-489] Unrolling loop 'Loop-3.1.1.1' in function 'DebayerRandBatG' completely with a factor of 1.
INFO: [HLS 200-489] Unrolling loop 'Loop-3.1.1.1.1' in function 'DebayerRandBatG' completely with a factor of 3.
INFO: [HLS 200-489] Unrolling loop 'Loop-3.1.2' in function 'DebayerRandBatG' completely with a factor of 2.
INFO: [HLS 200-489] Unrolling loop 'Loop-3.1.2.1' in function 'DebayerRandBatG' completely with a factor of 3.
INFO: [HLS 200-489] Unrolling loop 'Loop-3.1.3' in function 'DebayerRandBatG' completely with a factor of 3.
INFO: [HLS 200-489] Unrolling loop 'Loop-3.1.4' in function 'DebayerRandBatG' completely with a factor of 1.
INFO: [HLS 200-489] Unrolling loop 'Loop-3.1.4.1' in function 'DebayerRandBatG' completely with a factor of 3.
INFO: [HLS 200-489] Unrolling loop 'Loop-3.1.5' in function 'DebayerRandBatG' completely with a factor of 3.
INFO: [HLS 200-489] Unrolling loop 'Loop-3.1.6' in function 'DebayerRandBatG' completely with a factor of 3.
INFO: [HLS 200-489] Unrolling loop 'Loop-3.1.6.1' in function 'DebayerRandBatG' completely with a factor of 2.
INFO: [HLS 200-489] Unrolling loop 'Loop-3.1.6.1.1' in function 'DebayerRandBatG' completely with a factor of 3.
INFO: [HLS 200-489] Unrolling loop 'Loop-3.1.7' in function 'DebayerRandBatG' completely with a factor of 3.
INFO: [HLS 200-489] Unrolling loop 'Loop-3.1.7.1' in function 'DebayerRandBatG' completely with a factor of 1.
INFO: [HLS 200-489] Unrolling loop 'Loop-3.1.7.1.1' in function 'DebayerRandBatG' completely with a factor of 3.
INFO: [HLS 200-489] Unrolling loop 'Loop-3.1.7.2' in function 'DebayerRandBatG' completely with a factor of 2.
INFO: [HLS 200-489] Unrolling loop 'Loop-3.1.7.2.1' in function 'DebayerRandBatG' completely with a factor of 3.
INFO: [HLS 200-489] Unrolling loop 'Loop-3.1.8' in function 'DebayerRandBatG' completely with a factor of 2.
INFO: [HLS 200-489] Unrolling loop 'Loop-3.1.8.1' in function 'DebayerRandBatG' completely with a factor of 1.
INFO: [HLS 200-489] Unrolling loop 'Loop-3.1.8.1.1' in function 'DebayerRandBatG' completely with a factor of 3.
INFO: [HLS 200-489] Unrolling loop 'Loop-3.1.9' in function 'DebayerRandBatG' completely with a factor of 3.
INFO: [HLS 200-489] Unrolling loop 'Loop-3.1.9.1' in function 'DebayerRandBatG' completely with a factor of 1.
INFO: [HLS 200-489] Unrolling loop 'Loop-3.1.9.1.1' in function 'DebayerRandBatG' completely with a factor of 3.
INFO: [HLS 200-489] Unrolling loop 'Loop-3.1.10' in function 'DebayerRandBatG' completely with a factor of 1.
INFO: [HLS 200-489] Unrolling loop 'Loop-2.1.1' in function 'DebayerG' completely with a factor of 5.
INFO: [HLS 200-489] Unrolling loop 'Loop-2.1.1.1' in function 'DebayerG' completely with a factor of 1.
INFO: [HLS 200-489] Unrolling loop 'Loop-2.1.2' in function 'DebayerG' completely with a factor of 4.
INFO: [HLS 200-489] Unrolling loop 'Loop-2.1.2.1' in function 'DebayerG' completely with a factor of 1.
INFO: [HLS 200-489] Unrolling loop 'Loop-2.1.3' in function 'DebayerG' completely with a factor of 1.
INFO: [HLS 200-489] Unrolling loop 'Loop-2.1.4' in function 'DebayerG' completely with a factor of 1.
INFO: [HLS 200-489] Unrolling loop 'Loop-2.1.5' in function 'DebayerG' completely with a factor of 1.
INFO: [HLS 200-489] Unrolling loop 'Loop-2.1.6' in function 'DebayerG' completely with a factor of 5.
INFO: [HLS 200-489] Unrolling loop 'Loop-2.1.6.1' in function 'DebayerG' completely with a factor of 4.
INFO: [HLS 200-489] Unrolling loop 'Loop-2.1.7' in function 'DebayerG' completely with a factor of 5.
INFO: [HLS 200-489] Unrolling loop 'Loop-2.1.7.1' in function 'DebayerG' completely with a factor of 1.
INFO: [HLS 200-489] Unrolling loop 'Loop-2.1.7.2' in function 'DebayerG' completely with a factor of 4.
INFO: [HLS 200-489] Unrolling loop 'Loop-2.1.8' in function 'DebayerG' completely with a factor of 4.
INFO: [HLS 200-489] Unrolling loop 'Loop-2.1.8.1' in function 'DebayerG' completely with a factor of 1.
INFO: [HLS 200-489] Unrolling loop 'Loop-2.1.9' in function 'DebayerG' completely with a factor of 5.
INFO: [HLS 200-489] Unrolling loop 'Loop-2.1.9.1' in function 'DebayerG' completely with a factor of 1.
INFO: [HLS 200-489] Unrolling loop 'Loop-2.1.10' in function 'DebayerG' completely with a factor of 1.
INFO: [HLS 200-489] Unrolling loop 'Loop-2.1.10.1' in function 'DebayerG' completely with a factor of 4.
INFO: [HLS 200-489] Unrolling loop 'Loop-2.1.10.2' in function 'DebayerG' completely with a factor of 4.
INFO: [HLS 200-489] Unrolling loop 'Loop-2.1.10.3' in function 'DebayerG' completely with a factor of 4.
INFO: [HLS 200-489] Unrolling loop 'Loop-2.1.1' (d:/Pynq_CV_OV5640_master/boards/Pynq_Z2/ov5640/bitstream/cv_ov5640/cv_ov5640.srcs/sources_1/bd/cv_ov5640/ip/cv_ov5640_v_demosaic_0_0/src/v_demosaic.cpp:163) in function 'AXIvideo2MultiBayer' completely with a factor of 1.
INFO: [XFORM 203-102] Partitioning array 'PixBufVal.val.V' automatically.
INFO: [XFORM 203-102] Partitioning array 'var.V' automatically.
INFO: [XFORM 203-102] Partitioning array 'SD.V' automatically.
INFO: [XFORM 203-102] Partitioning array 'mean.V' automatically.
INFO: [XFORM 203-102] Partitioning array 'ave.V' automatically.
INFO: [XFORM 203-102] Partitioning array 'w' automatically.
INFO: [XFORM 203-102] Partitioning array 'value.val.V.assign' automatically.
INFO: [XFORM 203-102] Partitioning array 'value.val.V.assign.2' automatically.
INFO: [XFORM 203-102] Partitioning array 'value.val.V.assign.1' automatically.
INFO: [XFORM 203-102] Partitioning array 'PixBufVal.val.V' automatically.
INFO: [XFORM 203-102] Partitioning array 'en_rgd.V' automatically.
INFO: [XFORM 203-102] Partitioning array 'value.val.V.assign' automatically.
INFO: [XFORM 203-102] Partitioning array 'value.val.V.assign.4' automatically.
INFO: [XFORM 203-102] Partitioning array 'value.val.V.assign.3' automatically.
INFO: [XFORM 203-102] Partitioning array 'PixBufVal.val.V' automatically.
INFO: [XFORM 203-102] Automatically partitioning streamed array 'imgBayer.V.val.V' .
INFO: [XFORM 203-102] Automatically partitioning streamed array 'imgRgb.V.val.V' .
INFO: [XFORM 203-102] Automatically partitioning streamed array 'imgUnzip.V.val.V' .
INFO: [XFORM 203-102] Automatically partitioning streamed array 'imgG.V.val.V' .
INFO: [XFORM 203-102] Automatically partitioning streamed array 'imgRB.V.val.V' .
INFO: [XFORM 203-101] Partitioning array 'pix.val.V' (d:/Pynq_CV_OV5640_master/boards/Pynq_Z2/ov5640/bitstream/cv_ov5640/cv_ov5640.srcs/sources_1/bd/cv_ov5640/ip/cv_ov5640_v_demosaic_0_0/src/v_demosaic.cpp:198) in dimension 1 completely.
INFO: [XFORM 203-101] Partitioning array 'tmp.val.V'  in dimension 1 completely.
INFO: [XFORM 203-101] Partitioning array 'pix.val.V' (d:/Pynq_CV_OV5640_master/boards/Pynq_Z2/ov5640/bitstream/cv_ov5640/cv_ov5640.srcs/sources_1/bd/cv_ov5640/ip/cv_ov5640_v_demosaic_0_0/src/v_demosaic.cpp:125) in dimension 1 completely.
INFO: [XFORM 203-712] Applying dataflow to function 'Debayer' , detected/extracted 3 process function(s): 
	 'DebayerG'
	 'DebayerRatBorBatR'
	 'DebayerRandBatG'.
INFO: [XFORM 203-712] Applying dataflow to function 'v_demosaic' , detected/extracted 4 process function(s): 
	 'AXIvideo2MultiBayer283'
	 'Debayer'
	 'ZipperRemoval'
	 'MultiPixStream2AXIvideo'.
INFO: [XFORM 203-401] Performing if-conversion on hyperblock in function 'ZipperRemoval'... converting 5 basic blocks.
INFO: [XFORM 203-401] Performing if-conversion on hyperblock in function 'DebayerRatBorBatR'... converting 5 basic blocks.
INFO: [XFORM 203-401] Performing if-conversion on hyperblock in function 'DebayerRandBatG'... converting 9 basic blocks.
INFO: [XFORM 203-401] Performing if-conversion on hyperblock in function 'DebayerG'... converting 6 basic blocks.
INFO: [HLS 200-111] Finished Pre-synthesis Time (s): cpu = 00:00:09 ; elapsed = 00:00:27 . Memory (MB): peak = 361.660 ; gain = 276.625
WARNING: [XFORM 203-631] Renaming function 'MultiPixStream2AXIvideo' to 'MultiPixStream2AXIvi' (d:/Pynq_CV_OV5640_master/boards/Pynq_Z2/ov5640/bitstream/cv_ov5640/cv_ov5640.srcs/sources_1/bd/cv_ov5640/ip/cv_ov5640_v_demosaic_0_0/src/v_demosaic.cpp:180:60)
WARNING: [XFORM 203-631] Renaming function 'AXIvideo2MultiBayer283' to 'AXIvideo2MultiBayer2' (d:/Pynq_CV_OV5640_master/boards/Pynq_Z2/ov5640/bitstream/cv_ov5640/cv_ov5640.srcs/sources_1/bd/cv_ov5640/ip/cv_ov5640_v_demosaic_0_0/src/v_demosaic.cpp:128:9)
WARNING: [ANALYSIS 214-52] Found false inter dependency for variable 'lineBuffer.val[0].V'.
WARNING: [ANALYSIS 214-52] Found false inter dependency for variable 'lineBuffer.val[1].V'.
WARNING: [ANALYSIS 214-52] Found false intra dependency for variable 'lineBuffer.val[0].V'.
WARNING: [ANALYSIS 214-52] Found false intra dependency for variable 'lineBuffer.val[1].V'.
WARNING: [ANALYSIS 214-52] Found false inter dependency for variable 'lineBuffer.val[1].V'.
WARNING: [ANALYSIS 214-52] Found false inter dependency for variable 'lineBuffer.val[0].V'.
WARNING: [ANALYSIS 214-52] Found false intra dependency for variable 'lineBuffer.val[1].V'.
WARNING: [ANALYSIS 214-52] Found false intra dependency for variable 'lineBuffer.val[0].V'.
WARNING: [ANALYSIS 214-52] Found false inter dependency for variable 'linebuf_yuv.val[3].V'.
WARNING: [ANALYSIS 214-52] Found false inter dependency for variable 'linebuf_yuv.val[2].V'.
WARNING: [ANALYSIS 214-52] Found false inter dependency for variable 'linebuf_yuv.val[1].V'.
WARNING: [ANALYSIS 214-52] Found false inter dependency for variable 'linebuf_yuv.val[0].V'.
WARNING: [ANALYSIS 214-52] Found false intra dependency for variable 'linebuf_yuv.val[3].V'.
WARNING: [ANALYSIS 214-52] Found false intra dependency for variable 'linebuf_yuv.val[2].V'.
WARNING: [ANALYSIS 214-52] Found false intra dependency for variable 'linebuf_yuv.val[1].V'.
WARNING: [ANALYSIS 214-52] Found false intra dependency for variable 'linebuf_yuv.val[0].V'.
INFO: [HLS 200-111] Finished Architecture Synthesis Time (s): cpu = 00:00:11 ; elapsed = 00:00:30 . Memory (MB): peak = 363.430 ; gain = 278.395
INFO: [HLS 200-10] Starting hardware synthesis ...
INFO: [HLS 200-10] Synthesizing 'v_demosaic' ...
WARNING: [SYN 201-103] Legalizing function name 'reg<unsigned short>' to 'reg_unsigned_short_s'.
INFO: [HLS 200-10] ----------------------------------------------------------------
INFO: [HLS 200-42] -- Implementing module 'reg_unsigned_short_s' 
INFO: [HLS 200-10] ----------------------------------------------------------------
INFO: [SCHED 204-11] Starting scheduling ...
INFO: [SCHED 204-11] Finished scheduling.
INFO: [HLS 200-111]  Elapsed time: 30.036 seconds; current allocated memory: 300.797 MB.
INFO: [BIND 205-100] Starting micro-architecture generation ...
INFO: [BIND 205-101] Performing variable lifetime analysis.
INFO: [BIND 205-101] Exploring resource sharing.
INFO: [BIND 205-101] Binding ...
INFO: [BIND 205-100] Finished micro-architecture generation.
INFO: [HLS 200-111]  Elapsed time: 0.122 seconds; current allocated memory: 300.844 MB.
INFO: [HLS 200-10] ----------------------------------------------------------------
INFO: [HLS 200-42] -- Implementing module 'AXIvideo2MultiBayer2' 
INFO: [HLS 200-10] ----------------------------------------------------------------
INFO: [SCHED 204-11] Starting scheduling ...
INFO: [SCHED 204-61] Pipelining loop 'loop_wait_for_start'.
INFO: [SCHED 204-61] Pipelining result : Target II = 1, Final II = 1, Depth = 1.
INFO: [SCHED 204-61] Pipelining loop 'loop_width'.
INFO: [SCHED 204-61] Pipelining result : Target II = 1, Final II = 1, Depth = 2.
INFO: [SCHED 204-61] Pipelining loop 'loop_wait_for_eol'.
INFO: [SCHED 204-61] Pipelining result : Target II = 1, Final II = 1, Depth = 1.
INFO: [SCHED 204-11] Finished scheduling.
INFO: [HLS 200-111]  Elapsed time: 0.242 seconds; current allocated memory: 301.216 MB.
INFO: [HLS 200-434] Only 3 loops out of a total 4 loops have been pipelined in this design.
INFO: [BIND 205-100] Starting micro-architecture generation ...
INFO: [BIND 205-101] Performing variable lifetime analysis.
INFO: [BIND 205-101] Exploring resource sharing.
INFO: [BIND 205-101] Binding ...
INFO: [BIND 205-100] Finished micro-architecture generation.
INFO: [HLS 200-111]  Elapsed time: 1.939 seconds; current allocated memory: 301.913 MB.
INFO: [HLS 200-10] ----------------------------------------------------------------
INFO: [HLS 200-42] -- Implementing module 'DebayerG' 
INFO: [HLS 200-10] ----------------------------------------------------------------
INFO: [SCHED 204-11] Starting scheduling ...
INFO: [SCHED 204-61] Pipelining loop 'Loop 1.1'.
INFO: [SCHED 204-61] Pipelining result : Target II = 1, Final II = 1, Depth = 15.
INFO: [SCHED 204-11] Finished scheduling.
INFO: [HLS 200-111]  Elapsed time: 2.348 seconds; current allocated memory: 303.631 MB.
INFO: [BIND 205-100] Starting micro-architecture generation ...
INFO: [BIND 205-101] Performing variable lifetime analysis.
INFO: [BIND 205-101] Exploring resource sharing.
INFO: [BIND 205-101] Binding ...
INFO: [BIND 205-100] Finished micro-architecture generation.
INFO: [HLS 200-111]  Elapsed time: 4.179 seconds; current allocated memory: 305.614 MB.
INFO: [HLS 200-10] ----------------------------------------------------------------
INFO: [HLS 200-42] -- Implementing module 'DebayerRatBorBatR' 
INFO: [HLS 200-10] ----------------------------------------------------------------
INFO: [SCHED 204-11] Starting scheduling ...
INFO: [SCHED 204-61] Pipelining loop 'Loop 1.1'.
INFO: [SCHED 204-61] Pipelining result : Target II = 1, Final II = 1, Depth = 6.
INFO: [SCHED 204-11] Finished scheduling.
INFO: [HLS 200-111]  Elapsed time: 4.283 seconds; current allocated memory: 306.487 MB.
INFO: [BIND 205-100] Starting micro-architecture generation ...
INFO: [BIND 205-101] Performing variable lifetime analysis.
INFO: [BIND 205-101] Exploring resource sharing.
INFO: [BIND 205-101] Binding ...
INFO: [BIND 205-100] Finished micro-architecture generation.
INFO: [HLS 200-111]  Elapsed time: 2.19 seconds; current allocated memory: 307.959 MB.
INFO: [HLS 200-10] ----------------------------------------------------------------
INFO: [HLS 200-42] -- Implementing module 'DebayerRandBatG' 
INFO: [HLS 200-10] ----------------------------------------------------------------
INFO: [SCHED 204-11] Starting scheduling ...
INFO: [SCHED 204-61] Pipelining loop 'Loop 1.1'.
INFO: [SCHED 204-61] Pipelining result : Target II = 1, Final II = 1, Depth = 5.
INFO: [SCHED 204-11] Finished scheduling.
INFO: [HLS 200-111]  Elapsed time: 2.324 seconds; current allocated memory: 308.765 MB.
INFO: [BIND 205-100] Starting micro-architecture generation ...
INFO: [BIND 205-101] Performing variable lifetime analysis.
INFO: [BIND 205-101] Exploring resource sharing.
INFO: [BIND 205-101] Binding ...
INFO: [BIND 205-100] Finished micro-architecture generation.
INFO: [HLS 200-111]  Elapsed time: 2.179 seconds; current allocated memory: 309.829 MB.
INFO: [HLS 200-10] ----------------------------------------------------------------
INFO: [HLS 200-42] -- Implementing module 'Debayer' 
INFO: [HLS 200-10] ----------------------------------------------------------------
INFO: [SCHED 204-11] Starting scheduling ...
INFO: [SCHED 204-11] Finished scheduling.
INFO: [HLS 200-111]  Elapsed time: 2.158 seconds; current allocated memory: 309.922 MB.
INFO: [BIND 205-100] Starting micro-architecture generation ...
INFO: [BIND 205-101] Performing variable lifetime analysis.
INFO: [BIND 205-101] Exploring resource sharing.
INFO: [BIND 205-101] Binding ...
INFO: [BIND 205-100] Finished micro-architecture generation.
INFO: [HLS 200-111]  Elapsed time: 0.985 seconds; current allocated memory: 310.791 MB.
INFO: [HLS 200-10] ----------------------------------------------------------------
INFO: [HLS 200-42] -- Implementing module 'ZipperRemoval' 
INFO: [HLS 200-10] ----------------------------------------------------------------
INFO: [SCHED 204-11] Starting scheduling ...
INFO: [SCHED 204-61] Pipelining loop 'Loop 1.1'.
INFO: [SCHED 204-61] Pipelining result : Target II = 1, Final II = 1, Depth = 4.
INFO: [SCHED 204-11] Finished scheduling.
INFO: [HLS 200-111]  Elapsed time: 0.406 seconds; current allocated memory: 311.100 MB.
INFO: [BIND 205-100] Starting micro-architecture generation ...
INFO: [BIND 205-101] Performing variable lifetime analysis.
INFO: [BIND 205-101] Exploring resource sharing.
INFO: [BIND 205-101] Binding ...
INFO: [BIND 205-100] Finished micro-architecture generation.
INFO: [HLS 200-111]  Elapsed time: 0.891 seconds; current allocated memory: 311.549 MB.
INFO: [HLS 200-10] ----------------------------------------------------------------
INFO: [HLS 200-42] -- Implementing module 'MultiPixStream2AXIvi' 
INFO: [HLS 200-10] ----------------------------------------------------------------
INFO: [SCHED 204-11] Starting scheduling ...
INFO: [SCHED 204-61] Pipelining loop 'Loop 1.1'.
INFO: [SCHED 204-61] Pipelining result : Target II = 1, Final II = 1, Depth = 3.
INFO: [SCHED 204-11] Finished scheduling.
INFO: [HLS 200-111]  Elapsed time: 0.94 seconds; current allocated memory: 311.664 MB.
INFO: [BIND 205-100] Starting micro-architecture generation ...
INFO: [BIND 205-101] Performing variable lifetime analysis.
INFO: [BIND 205-101] Exploring resource sharing.
INFO: [BIND 205-101] Binding ...
INFO: [BIND 205-100] Finished micro-architecture generation.
INFO: [HLS 200-111]  Elapsed time: 0.58 seconds; current allocated memory: 311.854 MB.
INFO: [HLS 200-10] ----------------------------------------------------------------
INFO: [HLS 200-42] -- Implementing module 'v_demosaic' 
INFO: [HLS 200-10] ----------------------------------------------------------------
INFO: [SCHED 204-11] Starting scheduling ...
INFO: [SCHED 204-11] Finished scheduling.
INFO: [HLS 200-111]  Elapsed time: 0.588 seconds; current allocated memory: 311.995 MB.
INFO: [BIND 205-100] Starting micro-architecture generation ...
INFO: [BIND 205-101] Performing variable lifetime analysis.
INFO: [BIND 205-101] Exploring resource sharing.
INFO: [BIND 205-101] Binding ...
INFO: [BIND 205-100] Finished micro-architecture generation.
INFO: [HLS 200-111]  Elapsed time: 1.283 seconds; current allocated memory: 313.037 MB.
INFO: [HLS 200-10] ----------------------------------------------------------------
INFO: [HLS 200-10] -- Generating RTL for module 'reg_unsigned_short_s' 
INFO: [HLS 200-10] ----------------------------------------------------------------
INFO: [RTGEN 206-100] Finished creating RTL model for 'reg_unsigned_short_s'.
INFO: [HLS 200-111]  Elapsed time: 0.552 seconds; current allocated memory: 313.250 MB.
INFO: [HLS 200-10] ----------------------------------------------------------------
INFO: [HLS 200-10] -- Generating RTL for module 'AXIvideo2MultiBayer2' 
INFO: [HLS 200-10] ----------------------------------------------------------------
INFO: [RTGEN 206-100] Finished creating RTL model for 'AXIvideo2MultiBayer2'.
INFO: [HLS 200-111]  Elapsed time: 0.169 seconds; current allocated memory: 314.283 MB.
INFO: [HLS 200-10] ----------------------------------------------------------------
INFO: [HLS 200-10] -- Generating RTL for module 'DebayerG' 
INFO: [HLS 200-10] ----------------------------------------------------------------
INFO: [SYN 201-210] Renamed object name 'DebayerG_linebuf_yuv_val_0_V' to 'DebayerG_linebuf_bkb' due to the length limit 20
INFO: [SYN 201-210] Renamed object name 'DebayerG_linebuf_yuv_val_1_V' to 'DebayerG_linebuf_cud' due to the length limit 20
INFO: [SYN 201-210] Renamed object name 'DebayerG_linebuf_yuv_val_2_V' to 'DebayerG_linebuf_dEe' due to the length limit 20
INFO: [SYN 201-210] Renamed object name 'DebayerG_linebuf_yuv_val_3_V' to 'DebayerG_linebuf_eOg' due to the length limit 20
INFO: [SYN 201-210] Renamed object name 'v_demosaic_mux_53_8_1_1' to 'v_demosaic_mux_53fYi' due to the length limit 20
INFO: [SYN 201-210] Renamed object name 'v_demosaic_mul_mul_9ns_18ns_27_1_1' to 'v_demosaic_mul_mug8j' due to the length limit 20
INFO: [SYN 201-210] Renamed object name 'v_demosaic_mul_mul_8ns_18ns_26_1_1' to 'v_demosaic_mul_muhbi' due to the length limit 20
INFO: [SYN 201-210] Renamed object name 'v_demosaic_mul_mul_10ns_12s_22_1_1' to 'v_demosaic_mul_muibs' due to the length limit 20
INFO: [SYN 201-210] Renamed object name 'v_demosaic_mac_muladd_10ns_12s_22s_23_1_1' to 'v_demosaic_mac_mujbC' due to the length limit 20
INFO: [RTGEN 206-100] Generating core module 'v_demosaic_mac_mujbC': 2 instance(s).
INFO: [RTGEN 206-100] Generating core module 'v_demosaic_mul_mug8j': 2 instance(s).
INFO: [RTGEN 206-100] Generating core module 'v_demosaic_mul_muhbi': 2 instance(s).
INFO: [RTGEN 206-100] Generating core module 'v_demosaic_mul_muibs': 2 instance(s).
INFO: [RTGEN 206-100] Generating core module 'v_demosaic_mux_53fYi': 1 instance(s).
INFO: [RTGEN 206-100] Finished creating RTL model for 'DebayerG'.
INFO: [HLS 200-111]  Elapsed time: 2.334 seconds; current allocated memory: 317.946 MB.
INFO: [WVHDL 200-304] Encrypting RTL VHDL done.
INFO: [WVHDL 200-304] Encrypting RTL Verilog done.
INFO: [HLS 200-10] ----------------------------------------------------------------
INFO: [HLS 200-10] -- Generating RTL for module 'DebayerRatBorBatR' 
INFO: [HLS 200-10] ----------------------------------------------------------------
INFO: [SYN 201-210] Renamed object name 'DebayerRatBorBatR_lineBuffer_val_0_V' to 'DebayerRatBorBatRkbM' due to the length limit 20
INFO: [SYN 201-210] Renamed object name 'DebayerRatBorBatR_lineBuffer_val_1_V' to 'DebayerRatBorBatRlbW' due to the length limit 20
INFO: [SYN 201-210] Renamed object name 'v_demosaic_mux_32_8_1_1' to 'v_demosaic_mux_32mb6' due to the length limit 20
INFO: [RTGEN 206-100] Generating core module 'v_demosaic_mux_32mb6': 8 instance(s).
INFO: [RTGEN 206-100] Finished creating RTL model for 'DebayerRatBorBatR'.
INFO: [HLS 200-111]  Elapsed time: 4.604 seconds; current allocated memory: 319.497 MB.
INFO: [WVHDL 200-304] Encrypting RTL VHDL done.
INFO: [WVHDL 200-304] Encrypting RTL Verilog done.
INFO: [HLS 200-10] ----------------------------------------------------------------
INFO: [HLS 200-10] -- Generating RTL for module 'DebayerRandBatG' 
INFO: [HLS 200-10] ----------------------------------------------------------------
INFO: [SYN 201-210] Renamed object name 'DebayerRandBatG_lineBuffer_val_0_V' to 'DebayerRandBatG_lncg' due to the length limit 20
INFO: [SYN 201-210] Renamed object name 'DebayerRandBatG_lineBuffer_val_1_V' to 'DebayerRandBatG_locq' due to the length limit 20
INFO: [RTGEN 206-100] Generating core module 'v_demosaic_mux_32mb6': 3 instance(s).
INFO: [RTGEN 206-100] Finished creating RTL model for 'DebayerRandBatG'.
INFO: [HLS 200-111]  Elapsed time: 2.395 seconds; current allocated memory: 321.389 MB.
INFO: [WVHDL 200-304] Encrypting RTL VHDL done.
INFO: [WVHDL 200-304] Encrypting RTL Verilog done.
INFO: [HLS 200-10] ----------------------------------------------------------------
INFO: [HLS 200-10] -- Generating RTL for module 'Debayer' 
INFO: [HLS 200-10] ----------------------------------------------------------------
INFO: [RTGEN 206-100] Finished creating RTL model for 'Debayer'.
INFO: [HLS 200-111]  Elapsed time: 2.323 seconds; current allocated memory: 322.060 MB.
INFO: [WVHDL 200-304] Encrypting RTL VHDL done.
INFO: [WVHDL 200-304] Encrypting RTL Verilog done.
INFO: [HLS 200-10] ----------------------------------------------------------------
INFO: [HLS 200-10] -- Generating RTL for module 'ZipperRemoval' 
INFO: [HLS 200-10] ----------------------------------------------------------------
INFO: [RTGEN 206-100] Finished creating RTL model for 'ZipperRemoval'.
INFO: [HLS 200-111]  Elapsed time: 0.389 seconds; current allocated memory: 322.805 MB.
INFO: [WVHDL 200-304] Encrypting RTL VHDL done.
INFO: [WVHDL 200-304] Encrypting RTL Verilog done.
INFO: [HLS 200-10] ----------------------------------------------------------------
INFO: [HLS 200-10] -- Generating RTL for module 'MultiPixStream2AXIvi' 
INFO: [HLS 200-10] ----------------------------------------------------------------
INFO: [RTGEN 206-100] Finished creating RTL model for 'MultiPixStream2AXIvi'.
INFO: [HLS 200-111]  Elapsed time: 0.96 seconds; current allocated memory: 323.600 MB.
INFO: [HLS 200-10] ----------------------------------------------------------------
INFO: [HLS 200-10] -- Generating RTL for module 'v_demosaic' 
INFO: [HLS 200-10] ----------------------------------------------------------------
INFO: [RTGEN 206-500] Setting interface mode on port 'v_demosaic/HwReg_width' to 's_axilite & ap_stable'.
INFO: [RTGEN 206-500] Setting interface mode on port 'v_demosaic/HwReg_height' to 's_axilite & ap_stable'.
INFO: [RTGEN 206-500] Setting interface mode on port 'v_demosaic/HwReg_bayer_phase' to 's_axilite & ap_none'.
INFO: [RTGEN 206-500] Setting interface mode on port 'v_demosaic/s_axis_video_V_data_V' to 'axis' (register, both mode).
INFO: [RTGEN 206-500] Setting interface mode on port 'v_demosaic/s_axis_video_V_keep_V' to 'axis' (register, both mode).
INFO: [RTGEN 206-500] Setting interface mode on port 'v_demosaic/s_axis_video_V_strb_V' to 'axis' (register, both mode).
INFO: [RTGEN 206-500] Setting interface mode on port 'v_demosaic/s_axis_video_V_user_V' to 'axis' (register, both mode).
INFO: [RTGEN 206-500] Setting interface mode on port 'v_demosaic/s_axis_video_V_last_V' to 'axis' (register, both mode).
INFO: [RTGEN 206-500] Setting interface mode on port 'v_demosaic/s_axis_video_V_id_V' to 'axis' (register, both mode).
INFO: [RTGEN 206-500] Setting interface mode on port 'v_demosaic/s_axis_video_V_dest_V' to 'axis' (register, both mode).
INFO: [RTGEN 206-500] Setting interface mode on port 'v_demosaic/m_axis_video_V_data_V' to 'axis' (register, both mode).
INFO: [RTGEN 206-500] Setting interface mode on port 'v_demosaic/m_axis_video_V_keep_V' to 'axis' (register, both mode).
INFO: [RTGEN 206-500] Setting interface mode on port 'v_demosaic/m_axis_video_V_strb_V' to 'axis' (register, both mode).
INFO: [RTGEN 206-500] Setting interface mode on port 'v_demosaic/m_axis_video_V_user_V' to 'axis' (register, both mode).
INFO: [RTGEN 206-500] Setting interface mode on port 'v_demosaic/m_axis_video_V_last_V' to 'axis' (register, both mode).
INFO: [RTGEN 206-500] Setting interface mode on port 'v_demosaic/m_axis_video_V_id_V' to 'axis' (register, both mode).
INFO: [RTGEN 206-500] Setting interface mode on port 'v_demosaic/m_axis_video_V_dest_V' to 'axis' (register, both mode).
INFO: [RTGEN 206-500] Setting interface mode on function 'v_demosaic' to 's_axilite & ap_ctrl_hs'.
INFO: [RTGEN 206-100] Bundling port 'HwReg_width', 'HwReg_height', 'HwReg_bayer_phase' and 'return' to AXI-Lite port CTRL.
WARNING: [RTGEN 206-101] RTL name 'fifo_w8_d2_A' is changed to 'fifo_w8_d2_A_x' due to conflict.
WARNING: [RTGEN 206-101] RTL name 'fifo_w16_d2_A' is changed to 'fifo_w16_d2_A_x' due to conflict.
INFO: [SYN 201-210] Renamed object name 'start_for_Debayer_U0' to 'start_for_DebayerpcA' due to the length limit 20
INFO: [SYN 201-210] Renamed object name 'start_for_ZipperRemoval_U0' to 'start_for_ZipperRqcK' due to the length limit 20
INFO: [SYN 201-210] Renamed object name 'start_for_MultiPixStream2AXIvi_U0' to 'start_for_MultiPircU' due to the length limit 20
INFO: [RTGEN 206-100] Finished creating RTL model for 'v_demosaic'.
INFO: [HLS 200-111]  Elapsed time: 0.996 seconds; current allocated memory: 324.384 MB.
INFO: [WVHDL 200-304] Encrypting RTL VHDL done.
INFO: [WVHDL 200-304] Encrypting RTL Verilog done.
INFO: [RTMG 210-279] Implementing memory 'cv_ov5640_v_demosaic_0_0_DebayerG_DIV1_TABLE_rom' using block ROMs.
INFO: [RTMG 210-279] Implementing memory 'cv_ov5640_v_demosaic_0_0_DebayerG_DIV2_TABLE_rom' using auto ROMs.
INFO: [RTMG 210-278] Implementing memory 'cv_ov5640_v_demosaic_0_0_DebayerG_linebuf_bkb_ram (RAM)' using block RAMs.
INFO: [RTMG 210-278] Implementing memory 'cv_ov5640_v_demosaic_0_0_DebayerRatBorBatRkbM_ram (RAM)' using block RAMs.
INFO: [RTMG 210-285] Implementing FIFO 'imgG_V_val_0_V_U(cv_ov5640_v_demosaic_0_0_fifo_w8_d2_A)' using Shift Registers.
INFO: [RTMG 210-285] Implementing FIFO 'imgG_V_val_1_V_U(cv_ov5640_v_demosaic_0_0_fifo_w8_d2_A)' using Shift Registers.
INFO: [RTMG 210-285] Implementing FIFO 'imgG_V_val_2_V_U(cv_ov5640_v_demosaic_0_0_fifo_w8_d2_A)' using Shift Registers.
INFO: [RTMG 210-285] Implementing FIFO 'bayerPhase_c_i_U(cv_ov5640_v_demosaic_0_0_fifo_w16_d2_A)' using Shift Registers.
INFO: [RTMG 210-285] Implementing FIFO 'imgRB_V_val_0_V_U(cv_ov5640_v_demosaic_0_0_fifo_w8_d2_A)' using Shift Registers.
INFO: [RTMG 210-285] Implementing FIFO 'imgRB_V_val_1_V_U(cv_ov5640_v_demosaic_0_0_fifo_w8_d2_A)' using Shift Registers.
INFO: [RTMG 210-285] Implementing FIFO 'imgRB_V_val_2_V_U(cv_ov5640_v_demosaic_0_0_fifo_w8_d2_A)' using Shift Registers.
INFO: [RTMG 210-285] Implementing FIFO 'bayerPhase_c3_i_U(cv_ov5640_v_demosaic_0_0_fifo_w16_d2_A)' using Shift Registers.
INFO: [RTMG 210-285] Implementing FIFO 'imgBayer_V_val_0_V_U(cv_ov5640_v_demosaic_0_0_fifo_w8_d2_A_x)' using Shift Registers.
INFO: [RTMG 210-285] Implementing FIFO 'HwReg_bayer_phase_c_U(cv_ov5640_v_demosaic_0_0_fifo_w16_d2_A_x)' using Shift Registers.
INFO: [RTMG 210-285] Implementing FIFO 'imgRgb_V_val_0_V_U(cv_ov5640_v_demosaic_0_0_fifo_w8_d2_A_x)' using Shift Registers.
INFO: [RTMG 210-285] Implementing FIFO 'imgRgb_V_val_1_V_U(cv_ov5640_v_demosaic_0_0_fifo_w8_d2_A_x)' using Shift Registers.
INFO: [RTMG 210-285] Implementing FIFO 'imgRgb_V_val_2_V_U(cv_ov5640_v_demosaic_0_0_fifo_w8_d2_A_x)' using Shift Registers.
INFO: [RTMG 210-285] Implementing FIFO 'imgUnzip_V_val_0_V_U(cv_ov5640_v_demosaic_0_0_fifo_w8_d2_A_x)' using Shift Registers.
INFO: [RTMG 210-285] Implementing FIFO 'imgUnzip_V_val_1_V_U(cv_ov5640_v_demosaic_0_0_fifo_w8_d2_A_x)' using Shift Registers.
INFO: [RTMG 210-285] Implementing FIFO 'imgUnzip_V_val_2_V_U(cv_ov5640_v_demosaic_0_0_fifo_w8_d2_A_x)' using Shift Registers.
INFO: [RTMG 210-285] Implementing FIFO 'start_for_DebayerpcA_U(cv_ov5640_v_demosaic_0_0_start_for_DebayerpcA)' using Shift Registers.
INFO: [RTMG 210-285] Implementing FIFO 'start_for_ZipperRqcK_U(cv_ov5640_v_demosaic_0_0_start_for_ZipperRqcK)' using Shift Registers.
INFO: [RTMG 210-285] Implementing FIFO 'start_for_MultiPircU_U(cv_ov5640_v_demosaic_0_0_start_for_MultiPircU)' using Shift Registers.
INFO: [HLS 200-111] Finished generating all RTL models Time (s): cpu = 00:00:51 ; elapsed = 00:01:16 . Memory (MB): peak = 391.801 ; gain = 306.766
INFO: [SYSC 207-301] Generating SystemC RTL for v_demosaic with prefix cv_ov5640_v_demosaic_0_0_.
INFO: [VHDL 208-304] Generating VHDL RTL for v_demosaic with prefix cv_ov5640_v_demosaic_0_0_.
INFO: [VLOG 209-307] Generating Verilog RTL for v_demosaic with prefix cv_ov5640_v_demosaic_0_0_.
INFO: [IMPL 213-8] Exporting RTL as a Vivado IP.

****** Vivado v2018.3 (64-bit)
  **** SW Build 2405991 on Thu Dec  6 23:38:27 MST 2018
  **** IP Build 2404404 on Fri Dec  7 01:43:56 MST 2018
    ** Copyright 1986-2018 Xilinx, Inc. All Rights Reserved.

source run_ippack.tcl -notrace
INFO: [IP_Flow 19-234] Refreshing IP repositories
INFO: [IP_Flow 19-1704] No user IP repositories specified
INFO: [IP_Flow 19-2313] Loaded Vivado IP repository 'D:/Xilinx/Vivado/2018.3/data/ip'.
INFO: [Common 17-206] Exiting Vivado at Fri Apr 19 12:26:33 2019...
INFO: [HLS 200-112] Total elapsed time: 84.868 seconds; peak allocated memory: 324.384 MB.
INFO: [Common 17-206] Exiting vivado_hls at Fri Apr 19 12:26:33 2019...
