
*** Running vivado
    with args -log cv_ov5640_xbar_1.vds -m64 -product Vivado -mode batch -messageDb vivado.pb -notrace -source cv_ov5640_xbar_1.tcl


****** Vivado v2018.3 (64-bit)
  **** SW Build 2405991 on Thu Dec  6 23:38:27 MST 2018
  **** IP Build 2404404 on Fri Dec  7 01:43:56 MST 2018
    ** Copyright 1986-2018 Xilinx, Inc. All Rights Reserved.

source cv_ov5640_xbar_1.tcl -notrace
INFO: [IP_Flow 19-234] Refreshing IP repositories
INFO: [IP_Flow 19-1700] Loaded user IP repository 'd:/Pynq_CV_OV5640_master/boards/src/ip'.
INFO: [IP_Flow 19-2313] Loaded Vivado IP repository 'D:/Xilinx/Vivado/2018.3/data/ip'.
WARNING: [IP_Flow 19-4995] The host OS only allows 260 characters in a normal path. The IP cache path is more than 80 characters. If you experience issues with IP caching, please consider changing the IP cache to a location with a shorter path. Alternately consider using the OS subst command to map part of the path to a drive letter. 
Current IP cache path is d:/Pynq_CV_OV5640_master/boards/Pynq_Z2/ov5640/bitstream/cv_ov5640/cv_ov5640.cache/ip 
Command: synth_design -top cv_ov5640_xbar_1 -part xc7z020clg400-1 -mode out_of_context
Starting synth_design
Attempting to get a license for feature 'Synthesis' and/or device 'xc7z020'
INFO: [Common 17-349] Got license for feature 'Synthesis' and/or device 'xc7z020'
INFO: Launching helper process for spawning children vivado processes
INFO: Helper process launched with PID 16840 
---------------------------------------------------------------------------------
Starting RTL Elaboration : Time (s): cpu = 00:00:02 ; elapsed = 00:00:03 . Memory (MB): peak = 381.062 ; gain = 105.805
---------------------------------------------------------------------------------
INFO: [Synth 8-6157] synthesizing module 'cv_ov5640_xbar_1' [d:/Pynq_CV_OV5640_master/boards/Pynq_Z2/ov5640/bitstream/cv_ov5640/cv_ov5640.srcs/sources_1/bd/cv_ov5640/ip/cv_ov5640_xbar_1/synth/cv_ov5640_xbar_1.v:58]
INFO: [Synth 8-6157] synthesizing module 'axis_switch_v1_1_18_axis_switch' [d:/Pynq_CV_OV5640_master/boards/Pynq_Z2/ov5640/bitstream/cv_ov5640/cv_ov5640.srcs/sources_1/bd/cv_ov5640/ipshared/2576/hdl/axis_switch_v1_1_vl_rfs.v:3090]
	Parameter C_FAMILY bound to: zynq - type: string 
	Parameter C_NUM_SI_SLOTS bound to: 9 - type: integer 
	Parameter C_LOG_SI_SLOTS bound to: 4 - type: integer 
	Parameter C_NUM_MI_SLOTS bound to: 1 - type: integer 
	Parameter C_AXIS_TDATA_WIDTH bound to: 24 - type: integer 
	Parameter C_AXIS_TID_WIDTH bound to: 1 - type: integer 
	Parameter C_AXIS_TDEST_WIDTH bound to: 1 - type: integer 
	Parameter C_AXIS_TUSER_WIDTH bound to: 1 - type: integer 
	Parameter C_AXIS_SIGNAL_SET bound to: 255 - type: integer 
	Parameter C_ARB_ON_MAX_XFERS bound to: 1 - type: integer 
	Parameter C_ARB_ON_NUM_CYCLES bound to: 0 - type: integer 
	Parameter C_ARB_ON_TLAST bound to: 0 - type: integer 
	Parameter C_INCLUDE_ARBITER bound to: 1 - type: integer 
	Parameter C_ARB_ALGORITHM bound to: 0 - type: integer 
	Parameter C_OUTPUT_REG bound to: 0 - type: integer 
	Parameter C_DECODER_REG bound to: 0 - type: integer 
	Parameter C_M_AXIS_CONNECTIVITY_ARRAY bound to: 9'b111111111 
	Parameter C_M_AXIS_BASETDEST_ARRAY bound to: 1'b0 
	Parameter C_M_AXIS_HIGHTDEST_ARRAY bound to: 1'b0 
	Parameter C_ROUTING_MODE bound to: 1 - type: integer 
	Parameter C_S_AXI_CTRL_ADDR_WIDTH bound to: 7 - type: integer 
	Parameter C_S_AXI_CTRL_DATA_WIDTH bound to: 32 - type: integer 
	Parameter C_COMMON_CLOCK bound to: 0 - type: integer 
	Parameter G_INDX_SS_TREADY bound to: 0 - type: integer 
	Parameter G_INDX_SS_TDATA bound to: 1 - type: integer 
	Parameter G_INDX_SS_TSTRB bound to: 2 - type: integer 
	Parameter G_INDX_SS_TKEEP bound to: 3 - type: integer 
	Parameter G_INDX_SS_TLAST bound to: 4 - type: integer 
	Parameter G_INDX_SS_TID bound to: 5 - type: integer 
	Parameter G_INDX_SS_TDEST bound to: 6 - type: integer 
	Parameter G_INDX_SS_TUSER bound to: 7 - type: integer 
	Parameter G_MASK_SS_TREADY bound to: 1 - type: integer 
	Parameter G_MASK_SS_TDATA bound to: 2 - type: integer 
	Parameter G_MASK_SS_TSTRB bound to: 4 - type: integer 
	Parameter G_MASK_SS_TKEEP bound to: 8 - type: integer 
	Parameter G_MASK_SS_TLAST bound to: 16 - type: integer 
	Parameter G_MASK_SS_TID bound to: 32 - type: integer 
	Parameter G_MASK_SS_TDEST bound to: 64 - type: integer 
	Parameter G_MASK_SS_TUSER bound to: 128 - type: integer 
	Parameter G_TASK_SEVERITY_ERR bound to: 2 - type: integer 
	Parameter G_TASK_SEVERITY_WARNING bound to: 1 - type: integer 
	Parameter G_TASK_SEVERITY_INFO bound to: 0 - type: integer 
	Parameter P_DECODER_CONNECTIVITY_ARRAY bound to: 9'b111111111 
	Parameter P_TPAYLOAD_WIDTH bound to: 34 - type: integer 
	Parameter P_SINGLE_SLAVE_CONNECTIVITY_ARRAY bound to: 1'b0 
	Parameter LP_NUM_SYNCHRONIZER_STAGES bound to: 4 - type: integer 
	Parameter LP_MERGEDOWN_MUX bound to: 0 - type: integer 
	Parameter LP_CTRL_REG_WIDTH bound to: 50 - type: integer 
INFO: [Synth 8-6157] synthesizing module 'axis_infrastructure_v1_1_0_util_axis2vector' [d:/Pynq_CV_OV5640_master/boards/Pynq_Z2/ov5640/bitstream/cv_ov5640/cv_ov5640.srcs/sources_1/bd/cv_ov5640/ipshared/8713/hdl/axis_infrastructure_v1_1_vl_rfs.v:810]
	Parameter C_TDATA_WIDTH bound to: 24 - type: integer 
	Parameter C_TID_WIDTH bound to: 1 - type: integer 
	Parameter C_TDEST_WIDTH bound to: 1 - type: integer 
	Parameter C_TUSER_WIDTH bound to: 1 - type: integer 
	Parameter C_TPAYLOAD_WIDTH bound to: 34 - type: integer 
	Parameter C_SIGNAL_SET bound to: 255 - type: integer 
	Parameter G_INDX_SS_TREADY bound to: 0 - type: integer 
	Parameter G_INDX_SS_TDATA bound to: 1 - type: integer 
	Parameter G_INDX_SS_TSTRB bound to: 2 - type: integer 
	Parameter G_INDX_SS_TKEEP bound to: 3 - type: integer 
	Parameter G_INDX_SS_TLAST bound to: 4 - type: integer 
	Parameter G_INDX_SS_TID bound to: 5 - type: integer 
	Parameter G_INDX_SS_TDEST bound to: 6 - type: integer 
	Parameter G_INDX_SS_TUSER bound to: 7 - type: integer 
	Parameter G_MASK_SS_TREADY bound to: 1 - type: integer 
	Parameter G_MASK_SS_TDATA bound to: 2 - type: integer 
	Parameter G_MASK_SS_TSTRB bound to: 4 - type: integer 
	Parameter G_MASK_SS_TKEEP bound to: 8 - type: integer 
	Parameter G_MASK_SS_TLAST bound to: 16 - type: integer 
	Parameter G_MASK_SS_TID bound to: 32 - type: integer 
	Parameter G_MASK_SS_TDEST bound to: 64 - type: integer 
	Parameter G_MASK_SS_TUSER bound to: 128 - type: integer 
	Parameter G_TASK_SEVERITY_ERR bound to: 2 - type: integer 
	Parameter G_TASK_SEVERITY_WARNING bound to: 1 - type: integer 
	Parameter G_TASK_SEVERITY_INFO bound to: 0 - type: integer 
	Parameter P_TDATA_INDX bound to: 0 - type: integer 
	Parameter P_TSTRB_INDX bound to: 24 - type: integer 
	Parameter P_TKEEP_INDX bound to: 27 - type: integer 
	Parameter P_TLAST_INDX bound to: 30 - type: integer 
	Parameter P_TID_INDX bound to: 31 - type: integer 
	Parameter P_TDEST_INDX bound to: 32 - type: integer 
	Parameter P_TUSER_INDX bound to: 33 - type: integer 
INFO: [Synth 8-6155] done synthesizing module 'axis_infrastructure_v1_1_0_util_axis2vector' (1#1) [d:/Pynq_CV_OV5640_master/boards/Pynq_Z2/ov5640/bitstream/cv_ov5640/cv_ov5640.srcs/sources_1/bd/cv_ov5640/ipshared/8713/hdl/axis_infrastructure_v1_1_vl_rfs.v:810]
INFO: [Synth 8-6157] synthesizing module 'axis_switch_v1_1_18_axisc_decoder' [d:/Pynq_CV_OV5640_master/boards/Pynq_Z2/ov5640/bitstream/cv_ov5640/cv_ov5640.srcs/sources_1/bd/cv_ov5640/ipshared/2576/hdl/axis_switch_v1_1_vl_rfs.v:479]
	Parameter C_FAMILY bound to: zynq - type: string 
	Parameter C_AXIS_TDATA_WIDTH bound to: 24 - type: integer 
	Parameter C_AXIS_TID_WIDTH bound to: 1 - type: integer 
	Parameter C_AXIS_TDEST_WIDTH bound to: 1 - type: integer 
	Parameter C_AXIS_TUSER_WIDTH bound to: 1 - type: integer 
	Parameter C_AXIS_SIGNAL_SET bound to: 255 - type: integer 
	Parameter C_TPAYLOAD_WIDTH bound to: 34 - type: integer 
	Parameter C_NUM_MI_SLOTS bound to: 1 - type: integer 
	Parameter C_DECODER_REG bound to: 0 - type: integer 
	Parameter C_CONNECTIVITY bound to: 1'b1 
	Parameter C_BASETDEST bound to: 1'b0 
	Parameter C_HIGHTDEST bound to: 1'b0 
	Parameter C_ROUTING_MODE bound to: 1 - type: integer 
	Parameter G_INDX_SS_TREADY bound to: 0 - type: integer 
	Parameter G_INDX_SS_TDATA bound to: 1 - type: integer 
	Parameter G_INDX_SS_TSTRB bound to: 2 - type: integer 
	Parameter G_INDX_SS_TKEEP bound to: 3 - type: integer 
	Parameter G_INDX_SS_TLAST bound to: 4 - type: integer 
	Parameter G_INDX_SS_TID bound to: 5 - type: integer 
	Parameter G_INDX_SS_TDEST bound to: 6 - type: integer 
	Parameter G_INDX_SS_TUSER bound to: 7 - type: integer 
	Parameter G_MASK_SS_TREADY bound to: 1 - type: integer 
	Parameter G_MASK_SS_TDATA bound to: 2 - type: integer 
	Parameter G_MASK_SS_TSTRB bound to: 4 - type: integer 
	Parameter G_MASK_SS_TKEEP bound to: 8 - type: integer 
	Parameter G_MASK_SS_TLAST bound to: 16 - type: integer 
	Parameter G_MASK_SS_TID bound to: 32 - type: integer 
	Parameter G_MASK_SS_TDEST bound to: 64 - type: integer 
	Parameter G_MASK_SS_TUSER bound to: 128 - type: integer 
	Parameter G_TASK_SEVERITY_ERR bound to: 2 - type: integer 
	Parameter G_TASK_SEVERITY_WARNING bound to: 1 - type: integer 
	Parameter G_TASK_SEVERITY_INFO bound to: 0 - type: integer 
	Parameter TDW bound to: 1 - type: integer 
	Parameter P_TDEST_PRESENT bound to: 1'b1 
INFO: [Synth 8-6157] synthesizing module 'axis_register_slice_v1_1_18_axisc_register_slice' [d:/Pynq_CV_OV5640_master/boards/Pynq_Z2/ov5640/bitstream/cv_ov5640/cv_ov5640.srcs/sources_1/bd/cv_ov5640/ipshared/af00/hdl/axis_register_slice_v1_1_vl_rfs.v:1448]
	Parameter C_FAMILY bound to: zynq - type: string 
	Parameter C_DATA_WIDTH bound to: 34 - type: integer 
	Parameter C_REG_CONFIG bound to: 0 - type: integer 
	Parameter C_NUM_SLR_CROSSINGS bound to: 0 - type: integer 
	Parameter C_PIPELINES_MASTER bound to: 0 - type: integer 
	Parameter C_PIPELINES_SLAVE bound to: 0 - type: integer 
	Parameter C_PIPELINES_MIDDLE bound to: 0 - type: integer 
INFO: [Synth 8-6155] done synthesizing module 'axis_register_slice_v1_1_18_axisc_register_slice' (2#1) [d:/Pynq_CV_OV5640_master/boards/Pynq_Z2/ov5640/bitstream/cv_ov5640/cv_ov5640.srcs/sources_1/bd/cv_ov5640/ipshared/af00/hdl/axis_register_slice_v1_1_vl_rfs.v:1448]
WARNING: [Synth 8-350] instance 'inst_decoder_pipeline' of module 'axis_register_slice_v1_1_18_axisc_register_slice' requires 10 connections, but only 9 given [d:/Pynq_CV_OV5640_master/boards/Pynq_Z2/ov5640/bitstream/cv_ov5640/cv_ov5640.srcs/sources_1/bd/cv_ov5640/ipshared/2576/hdl/axis_switch_v1_1_vl_rfs.v:727]
INFO: [Synth 8-6155] done synthesizing module 'axis_switch_v1_1_18_axisc_decoder' (3#1) [d:/Pynq_CV_OV5640_master/boards/Pynq_Z2/ov5640/bitstream/cv_ov5640/cv_ov5640.srcs/sources_1/bd/cv_ov5640/ipshared/2576/hdl/axis_switch_v1_1_vl_rfs.v:479]
INFO: [Synth 8-6157] synthesizing module 'axis_switch_v1_1_18_axisc_transfer_mux' [d:/Pynq_CV_OV5640_master/boards/Pynq_Z2/ov5640/bitstream/cv_ov5640/cv_ov5640.srcs/sources_1/bd/cv_ov5640/ipshared/2576/hdl/axis_switch_v1_1_vl_rfs.v:819]
	Parameter C_FAMILY bound to: zynq - type: string 
	Parameter C_TPAYLOAD_WIDTH bound to: 34 - type: integer 
	Parameter C_AXIS_TDATA_WIDTH bound to: 24 - type: integer 
	Parameter C_AXIS_TID_WIDTH bound to: 1 - type: integer 
	Parameter C_AXIS_TDEST_WIDTH bound to: 1 - type: integer 
	Parameter C_AXIS_TUSER_WIDTH bound to: 1 - type: integer 
	Parameter C_AXIS_SIGNAL_SET bound to: 255 - type: integer 
	Parameter C_NUM_SI_SLOTS bound to: 9 - type: integer 
	Parameter C_LOG_SI_SLOTS bound to: 4 - type: integer 
	Parameter C_ARB_ON_TLAST bound to: 0 - type: integer 
	Parameter C_ARB_ON_MAX_XFERS bound to: 1 - type: integer 
	Parameter C_ARB_ON_NUM_CYCLES bound to: 0 - type: integer 
	Parameter C_OUTPUT_REG bound to: 0 - type: integer 
	Parameter C_CONNECTIVITY bound to: 9'b111111111 
	Parameter C_SINGLE_SLAVE_CONNECTIVITY bound to: 0 - type: integer 
	Parameter C_ROUTING_MODE bound to: 1 - type: integer 
	Parameter G_INDX_SS_TREADY bound to: 0 - type: integer 
	Parameter G_INDX_SS_TDATA bound to: 1 - type: integer 
	Parameter G_INDX_SS_TSTRB bound to: 2 - type: integer 
	Parameter G_INDX_SS_TKEEP bound to: 3 - type: integer 
	Parameter G_INDX_SS_TLAST bound to: 4 - type: integer 
	Parameter G_INDX_SS_TID bound to: 5 - type: integer 
	Parameter G_INDX_SS_TDEST bound to: 6 - type: integer 
	Parameter G_INDX_SS_TUSER bound to: 7 - type: integer 
	Parameter G_MASK_SS_TREADY bound to: 1 - type: integer 
	Parameter G_MASK_SS_TDATA bound to: 2 - type: integer 
	Parameter G_MASK_SS_TSTRB bound to: 4 - type: integer 
	Parameter G_MASK_SS_TKEEP bound to: 8 - type: integer 
	Parameter G_MASK_SS_TLAST bound to: 16 - type: integer 
	Parameter G_MASK_SS_TID bound to: 32 - type: integer 
	Parameter G_MASK_SS_TDEST bound to: 64 - type: integer 
	Parameter G_MASK_SS_TUSER bound to: 128 - type: integer 
	Parameter G_TASK_SEVERITY_ERR bound to: 2 - type: integer 
	Parameter G_TASK_SEVERITY_WARNING bound to: 1 - type: integer 
	Parameter G_TASK_SEVERITY_INFO bound to: 0 - type: integer 
	Parameter P_LOG_NUM_SLAVE_SLOTS bound to: 4 - type: integer 
	Parameter P_FIXED_MUX_VALUE bound to: 9'b000000000 
INFO: [Synth 8-6155] done synthesizing module 'axis_switch_v1_1_18_axisc_transfer_mux' (4#1) [d:/Pynq_CV_OV5640_master/boards/Pynq_Z2/ov5640/bitstream/cv_ov5640/cv_ov5640.srcs/sources_1/bd/cv_ov5640/ipshared/2576/hdl/axis_switch_v1_1_vl_rfs.v:819]
INFO: [Synth 8-6157] synthesizing module 'axis_infrastructure_v1_1_0_util_vector2axis' [d:/Pynq_CV_OV5640_master/boards/Pynq_Z2/ov5640/bitstream/cv_ov5640/cv_ov5640.srcs/sources_1/bd/cv_ov5640/ipshared/8713/hdl/axis_infrastructure_v1_1_vl_rfs.v:992]
	Parameter C_TDATA_WIDTH bound to: 24 - type: integer 
	Parameter C_TID_WIDTH bound to: 1 - type: integer 
	Parameter C_TDEST_WIDTH bound to: 1 - type: integer 
	Parameter C_TUSER_WIDTH bound to: 1 - type: integer 
	Parameter C_TPAYLOAD_WIDTH bound to: 34 - type: integer 
	Parameter C_SIGNAL_SET bound to: 255 - type: integer 
	Parameter G_INDX_SS_TREADY bound to: 0 - type: integer 
	Parameter G_INDX_SS_TDATA bound to: 1 - type: integer 
	Parameter G_INDX_SS_TSTRB bound to: 2 - type: integer 
	Parameter G_INDX_SS_TKEEP bound to: 3 - type: integer 
	Parameter G_INDX_SS_TLAST bound to: 4 - type: integer 
	Parameter G_INDX_SS_TID bound to: 5 - type: integer 
	Parameter G_INDX_SS_TDEST bound to: 6 - type: integer 
	Parameter G_INDX_SS_TUSER bound to: 7 - type: integer 
	Parameter G_MASK_SS_TREADY bound to: 1 - type: integer 
	Parameter G_MASK_SS_TDATA bound to: 2 - type: integer 
	Parameter G_MASK_SS_TSTRB bound to: 4 - type: integer 
	Parameter G_MASK_SS_TKEEP bound to: 8 - type: integer 
	Parameter G_MASK_SS_TLAST bound to: 16 - type: integer 
	Parameter G_MASK_SS_TID bound to: 32 - type: integer 
	Parameter G_MASK_SS_TDEST bound to: 64 - type: integer 
	Parameter G_MASK_SS_TUSER bound to: 128 - type: integer 
	Parameter G_TASK_SEVERITY_ERR bound to: 2 - type: integer 
	Parameter G_TASK_SEVERITY_WARNING bound to: 1 - type: integer 
	Parameter G_TASK_SEVERITY_INFO bound to: 0 - type: integer 
	Parameter P_TDATA_INDX bound to: 0 - type: integer 
	Parameter P_TSTRB_INDX bound to: 24 - type: integer 
	Parameter P_TKEEP_INDX bound to: 27 - type: integer 
	Parameter P_TLAST_INDX bound to: 30 - type: integer 
	Parameter P_TID_INDX bound to: 31 - type: integer 
	Parameter P_TDEST_INDX bound to: 32 - type: integer 
	Parameter P_TUSER_INDX bound to: 33 - type: integer 
INFO: [Synth 8-6155] done synthesizing module 'axis_infrastructure_v1_1_0_util_vector2axis' (5#1) [d:/Pynq_CV_OV5640_master/boards/Pynq_Z2/ov5640/bitstream/cv_ov5640/cv_ov5640.srcs/sources_1/bd/cv_ov5640/ipshared/8713/hdl/axis_infrastructure_v1_1_vl_rfs.v:992]
INFO: [Synth 8-6157] synthesizing module 'axis_infrastructure_v1_1_0_clock_synchronizer' [d:/Pynq_CV_OV5640_master/boards/Pynq_Z2/ov5640/bitstream/cv_ov5640/cv_ov5640.srcs/sources_1/bd/cv_ov5640/ipshared/8713/hdl/axis_infrastructure_v1_1_vl_rfs.v:1173]
	Parameter C_NUM_STAGES bound to: 4 - type: integer 
INFO: [Synth 8-6157] synthesizing module 'xpm_cdc_single' [D:/Xilinx/Vivado/2018.3/data/ip/xpm/xpm_cdc/hdl/xpm_cdc.sv:153]
	Parameter DEST_SYNC_FF bound to: 4 - type: integer 
	Parameter INIT_SYNC_FF bound to: 0 - type: integer 
	Parameter SIM_ASSERT_CHK bound to: 0 - type: integer 
	Parameter SRC_INPUT_REG bound to: 0 - type: integer 
	Parameter VERSION bound to: 0 - type: integer 
INFO: [Synth 8-5534] Detected attribute (* ASYNC_REG = "TRUE" *) [D:/Xilinx/Vivado/2018.3/data/ip/xpm/xpm_cdc/hdl/xpm_cdc.sv:205]
INFO: [Synth 8-6155] done synthesizing module 'xpm_cdc_single' (6#1) [D:/Xilinx/Vivado/2018.3/data/ip/xpm/xpm_cdc/hdl/xpm_cdc.sv:153]
INFO: [Synth 8-6155] done synthesizing module 'axis_infrastructure_v1_1_0_clock_synchronizer' (7#1) [d:/Pynq_CV_OV5640_master/boards/Pynq_Z2/ov5640/bitstream/cv_ov5640/cv_ov5640.srcs/sources_1/bd/cv_ov5640/ipshared/8713/hdl/axis_infrastructure_v1_1_vl_rfs.v:1173]
INFO: [Synth 8-6157] synthesizing module 'axis_infrastructure_v1_1_0_cdc_handshake' [d:/Pynq_CV_OV5640_master/boards/Pynq_Z2/ov5640/bitstream/cv_ov5640/cv_ov5640.srcs/sources_1/bd/cv_ov5640/ipshared/8713/hdl/axis_infrastructure_v1_1_vl_rfs.v:1265]
	Parameter C_WIDTH bound to: 50 - type: integer 
	Parameter C_NUM_SYNCHRONIZER_STAGES bound to: 4 - type: integer 
INFO: [Synth 8-6157] synthesizing module 'xpm_cdc_handshake' [D:/Xilinx/Vivado/2018.3/data/ip/xpm/xpm_cdc/hdl/xpm_cdc.sv:469]
	Parameter DEST_EXT_HSK bound to: 0 - type: integer 
	Parameter DEST_SYNC_FF bound to: 4 - type: integer 
	Parameter INIT_SYNC_FF bound to: 0 - type: integer 
	Parameter SIM_ASSERT_CHK bound to: 0 - type: integer 
	Parameter SRC_SYNC_FF bound to: 4 - type: integer 
	Parameter VERSION bound to: 0 - type: integer 
	Parameter WIDTH bound to: 50 - type: integer 
INFO: [Synth 8-5534] Detected attribute (* DIRECT_ENABLE = "yes" *) [D:/Xilinx/Vivado/2018.3/data/ip/xpm/xpm_cdc/hdl/xpm_cdc.sv:560]
INFO: [Synth 8-6155] done synthesizing module 'xpm_cdc_handshake' (8#1) [D:/Xilinx/Vivado/2018.3/data/ip/xpm/xpm_cdc/hdl/xpm_cdc.sv:469]
INFO: [Synth 8-6155] done synthesizing module 'axis_infrastructure_v1_1_0_cdc_handshake' (9#1) [d:/Pynq_CV_OV5640_master/boards/Pynq_Z2/ov5640/bitstream/cv_ov5640/cv_ov5640.srcs/sources_1/bd/cv_ov5640/ipshared/8713/hdl/axis_infrastructure_v1_1_vl_rfs.v:1265]
INFO: [Synth 8-6157] synthesizing module 'axis_switch_v1_1_18_static_router' [d:/Pynq_CV_OV5640_master/boards/Pynq_Z2/ov5640/bitstream/cv_ov5640/cv_ov5640.srcs/sources_1/bd/cv_ov5640/ipshared/2576/hdl/axis_switch_v1_1_vl_rfs.v:2786]
	Parameter C_AXI_ADDR_WIDTH bound to: 7 - type: integer 
	Parameter C_AXI_DATA_WIDTH bound to: 32 - type: integer 
	Parameter C_NUM_SI_SLOTS bound to: 9 - type: integer 
	Parameter C_NUM_MI_SLOTS bound to: 1 - type: integer 
	Parameter C_CONNECTIVITY bound to: 9'b111111111 
	Parameter C_CTRL_REG_WIDTH bound to: 50 - type: integer 
INFO: [Synth 8-6157] synthesizing module 'axis_switch_v1_1_18_axi_ctrl_top' [d:/Pynq_CV_OV5640_master/boards/Pynq_Z2/ov5640/bitstream/cv_ov5640/cv_ov5640.srcs/sources_1/bd/cv_ov5640/ipshared/2576/hdl/axis_switch_v1_1_vl_rfs.v:2077]
	Parameter C_AXI_ADDR_WIDTH bound to: 7 - type: integer 
	Parameter C_AXI_DATA_WIDTH bound to: 32 - type: integer 
	Parameter C_NUM_SI_SLOTS bound to: 9 - type: integer 
	Parameter C_NUM_MI_SLOTS bound to: 1 - type: integer 
	Parameter C_CONNECTIVITY bound to: 9'b111111111 
	Parameter C_CTRL_REG_WIDTH bound to: 50 - type: integer 
	Parameter LP_CTRL_REG_MASK bound to: 2 - type: integer 
	Parameter LP_CTRL_REG_INIT bound to: 512'b00000000000000000000000000000000000000000000000000000000000000000000000000000000000000000000000000000000000000000000000000000000000000000000000000000000000000000000000000000000000000000000000000000000000000000000000000000000000000000000000000000000000000000000000000000000000000000000000000000000000000000000000000000000000000000000000000000000000000000000000000000000000000000000000000000000000000000000000000000000000000000000000000000000000000000000000000000000000000000000000000000000000000000000000000000010 
	Parameter LP_MI_MUX_REG_MASK bound to: 32783 - type: integer 
	Parameter LP_MI_MUX_REG_INIT bound to: 512'b10000000000000000000000000000000100000000000000000000000000000001000000000000000000000000000000010000000000000000000000000000000100000000000000000000000000000001000000000000000000000000000000010000000000000000000000000000000100000000000000000000000000000001000000000000000000000000000000010000000000000000000000000000000100000000000000000000000000000001000000000000000000000000000000010000000000000000000000000000000100000000000000000000000000000001000000000000000000000000000000010000000000000000000000000000000 
INFO: [Synth 8-6157] synthesizing module 'axis_switch_v1_1_18_axi_ctrl_read' [d:/Pynq_CV_OV5640_master/boards/Pynq_Z2/ov5640/bitstream/cv_ov5640/cv_ov5640.srcs/sources_1/bd/cv_ov5640/ipshared/2576/hdl/axis_switch_v1_1_vl_rfs.v:1745]
	Parameter C_ADDR_WIDTH bound to: 7 - type: integer 
	Parameter C_DATA_WIDTH bound to: 32 - type: integer 
	Parameter SM_IDLE bound to: 2'b00 
	Parameter SM_READ bound to: 2'b01 
	Parameter SM_RESP bound to: 2'b10 
	Parameter LP_DEBUG_CTRL_REG bound to: 0 - type: integer 
INFO: [Synth 8-6155] done synthesizing module 'axis_switch_v1_1_18_axi_ctrl_read' (10#1) [d:/Pynq_CV_OV5640_master/boards/Pynq_Z2/ov5640/bitstream/cv_ov5640/cv_ov5640.srcs/sources_1/bd/cv_ov5640/ipshared/2576/hdl/axis_switch_v1_1_vl_rfs.v:1745]
INFO: [Synth 8-6157] synthesizing module 'axis_switch_v1_1_18_axi_ctrl_write' [d:/Pynq_CV_OV5640_master/boards/Pynq_Z2/ov5640/bitstream/cv_ov5640/cv_ov5640.srcs/sources_1/bd/cv_ov5640/ipshared/2576/hdl/axis_switch_v1_1_vl_rfs.v:1920]
	Parameter C_ADDR_WIDTH bound to: 7 - type: integer 
	Parameter C_DATA_WIDTH bound to: 32 - type: integer 
	Parameter LP_SM_WIDTH bound to: 3 - type: integer 
	Parameter SM_IDLE bound to: 3'b000 
	Parameter SM_WRITE bound to: 3'b001 
	Parameter SM_RESP bound to: 3'b010 
	Parameter SM_BUSY bound to: 3'b100 
INFO: [Synth 8-5534] Detected attribute (* fsm_encoding = "none" *) [d:/Pynq_CV_OV5640_master/boards/Pynq_Z2/ov5640/bitstream/cv_ov5640/cv_ov5640.srcs/sources_1/bd/cv_ov5640/ipshared/2576/hdl/axis_switch_v1_1_vl_rfs.v:1970]
INFO: [Synth 8-6155] done synthesizing module 'axis_switch_v1_1_18_axi_ctrl_write' (11#1) [d:/Pynq_CV_OV5640_master/boards/Pynq_Z2/ov5640/bitstream/cv_ov5640/cv_ov5640.srcs/sources_1/bd/cv_ov5640/ipshared/2576/hdl/axis_switch_v1_1_vl_rfs.v:1920]
INFO: [Synth 8-6157] synthesizing module 'axis_switch_v1_1_18_reg_bank_16x32' [d:/Pynq_CV_OV5640_master/boards/Pynq_Z2/ov5640/bitstream/cv_ov5640/cv_ov5640.srcs/sources_1/bd/cv_ov5640/ipshared/2576/hdl/axis_switch_v1_1_vl_rfs.v:2971]
	Parameter C_ACTIVE_REG bound to: 1 - type: integer 
	Parameter C_REG_MASK bound to: 2 - type: integer 
	Parameter C_INIT bound to: 512'b00000000000000000000000000000000000000000000000000000000000000000000000000000000000000000000000000000000000000000000000000000000000000000000000000000000000000000000000000000000000000000000000000000000000000000000000000000000000000000000000000000000000000000000000000000000000000000000000000000000000000000000000000000000000000000000000000000000000000000000000000000000000000000000000000000000000000000000000000000000000000000000000000000000000000000000000000000000000000000000000000000000000000000000000000000010 
	Parameter LP_MAX bound to: 16 - type: integer 
	Parameter LP_WIDTH bound to: 32 - type: integer 
INFO: [Synth 8-6155] done synthesizing module 'axis_switch_v1_1_18_reg_bank_16x32' (12#1) [d:/Pynq_CV_OV5640_master/boards/Pynq_Z2/ov5640/bitstream/cv_ov5640/cv_ov5640.srcs/sources_1/bd/cv_ov5640/ipshared/2576/hdl/axis_switch_v1_1_vl_rfs.v:2971]
INFO: [Synth 8-6157] synthesizing module 'axis_switch_v1_1_18_reg_bank_16x32__parameterized0' [d:/Pynq_CV_OV5640_master/boards/Pynq_Z2/ov5640/bitstream/cv_ov5640/cv_ov5640.srcs/sources_1/bd/cv_ov5640/ipshared/2576/hdl/axis_switch_v1_1_vl_rfs.v:2971]
	Parameter C_ACTIVE_REG bound to: 1 - type: integer 
	Parameter C_REG_MASK bound to: 32783 - type: integer 
	Parameter C_INIT bound to: 512'b10000000000000000000000000000000100000000000000000000000000000001000000000000000000000000000000010000000000000000000000000000000100000000000000000000000000000001000000000000000000000000000000010000000000000000000000000000000100000000000000000000000000000001000000000000000000000000000000010000000000000000000000000000000100000000000000000000000000000001000000000000000000000000000000010000000000000000000000000000000100000000000000000000000000000001000000000000000000000000000000010000000000000000000000000000000 
	Parameter LP_MAX bound to: 16 - type: integer 
	Parameter LP_WIDTH bound to: 32 - type: integer 
INFO: [Synth 8-6155] done synthesizing module 'axis_switch_v1_1_18_reg_bank_16x32__parameterized0' (12#1) [d:/Pynq_CV_OV5640_master/boards/Pynq_Z2/ov5640/bitstream/cv_ov5640/cv_ov5640.srcs/sources_1/bd/cv_ov5640/ipshared/2576/hdl/axis_switch_v1_1_vl_rfs.v:2971]
INFO: [Synth 8-6155] done synthesizing module 'axis_switch_v1_1_18_axi_ctrl_top' (13#1) [d:/Pynq_CV_OV5640_master/boards/Pynq_Z2/ov5640/bitstream/cv_ov5640/cv_ov5640.srcs/sources_1/bd/cv_ov5640/ipshared/2576/hdl/axis_switch_v1_1_vl_rfs.v:2077]
INFO: [Synth 8-6157] synthesizing module 'axis_switch_v1_1_18_static_router_config' [d:/Pynq_CV_OV5640_master/boards/Pynq_Z2/ov5640/bitstream/cv_ov5640/cv_ov5640.srcs/sources_1/bd/cv_ov5640/ipshared/2576/hdl/axis_switch_v1_1_vl_rfs.v:2578]
	Parameter C_NUM_MI_SLOTS bound to: 1 - type: integer 
	Parameter C_NUM_SI_SLOTS bound to: 9 - type: integer 
	Parameter C_CONNECTIVITY bound to: 9'b111111111 
	Parameter C_CTRL_REG_WIDTH bound to: 50 - type: integer 
	Parameter SM_IDLE bound to: 3'b000 
	Parameter SM_START bound to: 3'b001 
	Parameter SM_WAIT bound to: 3'b010 
	Parameter SM_COMMIT bound to: 3'b011 
	Parameter SM_COMPLETE bound to: 3'b100 
	Parameter LP_LOG_MAX_SLOTS bound to: 4 - type: integer 
	Parameter LP_NUM_MAX_SLOTS bound to: 16 - type: integer 
INFO: [Synth 8-6157] synthesizing module 'axis_switch_v1_1_18_static_router_config_dp' [d:/Pynq_CV_OV5640_master/boards/Pynq_Z2/ov5640/bitstream/cv_ov5640/cv_ov5640.srcs/sources_1/bd/cv_ov5640/ipshared/2576/hdl/axis_switch_v1_1_vl_rfs.v:2346]
	Parameter C_NUM_MI_SLOTS bound to: 1 - type: integer 
	Parameter C_NUM_SI_SLOTS bound to: 9 - type: integer 
	Parameter C_CONNECTIVITY bound to: 9'b111111111 
	Parameter C_CTRL_REG_WIDTH bound to: 50 - type: integer 
	Parameter LP_LOG_MAX_SLOTS bound to: 4 - type: integer 
	Parameter LP_NUM_MAX_SLOTS bound to: 16 - type: integer 
INFO: [Synth 8-6155] done synthesizing module 'axis_switch_v1_1_18_static_router_config_dp' (14#1) [d:/Pynq_CV_OV5640_master/boards/Pynq_Z2/ov5640/bitstream/cv_ov5640/cv_ov5640.srcs/sources_1/bd/cv_ov5640/ipshared/2576/hdl/axis_switch_v1_1_vl_rfs.v:2346]
INFO: [Synth 8-6155] done synthesizing module 'axis_switch_v1_1_18_static_router_config' (15#1) [d:/Pynq_CV_OV5640_master/boards/Pynq_Z2/ov5640/bitstream/cv_ov5640/cv_ov5640.srcs/sources_1/bd/cv_ov5640/ipshared/2576/hdl/axis_switch_v1_1_vl_rfs.v:2578]
INFO: [Synth 8-6155] done synthesizing module 'axis_switch_v1_1_18_static_router' (16#1) [d:/Pynq_CV_OV5640_master/boards/Pynq_Z2/ov5640/bitstream/cv_ov5640/cv_ov5640.srcs/sources_1/bd/cv_ov5640/ipshared/2576/hdl/axis_switch_v1_1_vl_rfs.v:2786]
INFO: [Synth 8-6155] done synthesizing module 'axis_switch_v1_1_18_axis_switch' (17#1) [d:/Pynq_CV_OV5640_master/boards/Pynq_Z2/ov5640/bitstream/cv_ov5640/cv_ov5640.srcs/sources_1/bd/cv_ov5640/ipshared/2576/hdl/axis_switch_v1_1_vl_rfs.v:3090]
INFO: [Synth 8-6155] done synthesizing module 'cv_ov5640_xbar_1' (18#1) [d:/Pynq_CV_OV5640_master/boards/Pynq_Z2/ov5640/bitstream/cv_ov5640/cv_ov5640.srcs/sources_1/bd/cv_ov5640/ip/cv_ov5640_xbar_1/synth/cv_ov5640_xbar_1.v:58]
WARNING: [Synth 8-3331] design axis_register_slice_v1_1_18_axisc_register_slice has unconnected port ACLK
WARNING: [Synth 8-3331] design axis_register_slice_v1_1_18_axisc_register_slice has unconnected port ACLK2X
WARNING: [Synth 8-3331] design axis_register_slice_v1_1_18_axisc_register_slice has unconnected port ARESET
WARNING: [Synth 8-3331] design axis_register_slice_v1_1_18_axisc_register_slice has unconnected port ACLKEN
WARNING: [Synth 8-3331] design axis_switch_v1_1_18_axisc_transfer_mux has unconnected port ARB_GNT[8]
WARNING: [Synth 8-3331] design axis_switch_v1_1_18_axisc_transfer_mux has unconnected port ARB_GNT[7]
WARNING: [Synth 8-3331] design axis_switch_v1_1_18_axisc_transfer_mux has unconnected port ARB_GNT[6]
WARNING: [Synth 8-3331] design axis_switch_v1_1_18_axisc_transfer_mux has unconnected port ARB_GNT[5]
WARNING: [Synth 8-3331] design axis_switch_v1_1_18_axisc_transfer_mux has unconnected port ARB_GNT[4]
WARNING: [Synth 8-3331] design axis_switch_v1_1_18_axisc_transfer_mux has unconnected port ARB_GNT[3]
WARNING: [Synth 8-3331] design axis_switch_v1_1_18_axisc_transfer_mux has unconnected port ARB_GNT[2]
WARNING: [Synth 8-3331] design axis_switch_v1_1_18_axisc_transfer_mux has unconnected port ARB_GNT[1]
WARNING: [Synth 8-3331] design axis_switch_v1_1_18_axisc_transfer_mux has unconnected port ARB_GNT[0]
WARNING: [Synth 8-3331] design axis_switch_v1_1_18_axisc_transfer_mux has unconnected port ARB_SEL[3]
WARNING: [Synth 8-3331] design axis_switch_v1_1_18_axisc_transfer_mux has unconnected port ARB_SEL[2]
WARNING: [Synth 8-3331] design axis_switch_v1_1_18_axisc_transfer_mux has unconnected port ARB_SEL[1]
WARNING: [Synth 8-3331] design axis_switch_v1_1_18_axisc_transfer_mux has unconnected port ARB_SEL[0]
WARNING: [Synth 8-3331] design axis_switch_v1_1_18_axisc_decoder has unconnected port S_AXIS_TDEST[0]
WARNING: [Synth 8-3331] design axis_switch_v1_1_18_axisc_decoder has unconnected port ARB_DONE[0]
WARNING: [Synth 8-3331] design axis_switch_v1_1_18_axisc_decoder has unconnected port ARB_GNT[0]
WARNING: [Synth 8-3331] design axis_switch_v1_1_18_axisc_decoder has unconnected port si_mux[3]
WARNING: [Synth 8-3331] design axis_switch_v1_1_18_axisc_decoder has unconnected port si_mux[2]
WARNING: [Synth 8-3331] design axis_switch_v1_1_18_axisc_decoder has unconnected port si_mux[1]
WARNING: [Synth 8-3331] design axis_switch_v1_1_18_axisc_decoder has unconnected port si_mux[0]
WARNING: [Synth 8-3331] design axis_switch_v1_1_18_static_router_config_dp has unconnected port reg_mi_mux[511]
WARNING: [Synth 8-3331] design axis_switch_v1_1_18_static_router_config_dp has unconnected port reg_mi_mux[510]
WARNING: [Synth 8-3331] design axis_switch_v1_1_18_static_router_config_dp has unconnected port reg_mi_mux[509]
WARNING: [Synth 8-3331] design axis_switch_v1_1_18_static_router_config_dp has unconnected port reg_mi_mux[508]
WARNING: [Synth 8-3331] design axis_switch_v1_1_18_static_router_config_dp has unconnected port reg_mi_mux[507]
WARNING: [Synth 8-3331] design axis_switch_v1_1_18_static_router_config_dp has unconnected port reg_mi_mux[506]
WARNING: [Synth 8-3331] design axis_switch_v1_1_18_static_router_config_dp has unconnected port reg_mi_mux[505]
WARNING: [Synth 8-3331] design axis_switch_v1_1_18_static_router_config_dp has unconnected port reg_mi_mux[504]
WARNING: [Synth 8-3331] design axis_switch_v1_1_18_static_router_config_dp has unconnected port reg_mi_mux[503]
WARNING: [Synth 8-3331] design axis_switch_v1_1_18_static_router_config_dp has unconnected port reg_mi_mux[502]
WARNING: [Synth 8-3331] design axis_switch_v1_1_18_static_router_config_dp has unconnected port reg_mi_mux[501]
WARNING: [Synth 8-3331] design axis_switch_v1_1_18_static_router_config_dp has unconnected port reg_mi_mux[500]
WARNING: [Synth 8-3331] design axis_switch_v1_1_18_static_router_config_dp has unconnected port reg_mi_mux[499]
WARNING: [Synth 8-3331] design axis_switch_v1_1_18_static_router_config_dp has unconnected port reg_mi_mux[498]
WARNING: [Synth 8-3331] design axis_switch_v1_1_18_static_router_config_dp has unconnected port reg_mi_mux[497]
WARNING: [Synth 8-3331] design axis_switch_v1_1_18_static_router_config_dp has unconnected port reg_mi_mux[496]
WARNING: [Synth 8-3331] design axis_switch_v1_1_18_static_router_config_dp has unconnected port reg_mi_mux[495]
WARNING: [Synth 8-3331] design axis_switch_v1_1_18_static_router_config_dp has unconnected port reg_mi_mux[494]
WARNING: [Synth 8-3331] design axis_switch_v1_1_18_static_router_config_dp has unconnected port reg_mi_mux[493]
WARNING: [Synth 8-3331] design axis_switch_v1_1_18_static_router_config_dp has unconnected port reg_mi_mux[492]
WARNING: [Synth 8-3331] design axis_switch_v1_1_18_static_router_config_dp has unconnected port reg_mi_mux[491]
WARNING: [Synth 8-3331] design axis_switch_v1_1_18_static_router_config_dp has unconnected port reg_mi_mux[490]
WARNING: [Synth 8-3331] design axis_switch_v1_1_18_static_router_config_dp has unconnected port reg_mi_mux[489]
WARNING: [Synth 8-3331] design axis_switch_v1_1_18_static_router_config_dp has unconnected port reg_mi_mux[488]
WARNING: [Synth 8-3331] design axis_switch_v1_1_18_static_router_config_dp has unconnected port reg_mi_mux[487]
WARNING: [Synth 8-3331] design axis_switch_v1_1_18_static_router_config_dp has unconnected port reg_mi_mux[486]
WARNING: [Synth 8-3331] design axis_switch_v1_1_18_static_router_config_dp has unconnected port reg_mi_mux[485]
WARNING: [Synth 8-3331] design axis_switch_v1_1_18_static_router_config_dp has unconnected port reg_mi_mux[484]
WARNING: [Synth 8-3331] design axis_switch_v1_1_18_static_router_config_dp has unconnected port reg_mi_mux[483]
WARNING: [Synth 8-3331] design axis_switch_v1_1_18_static_router_config_dp has unconnected port reg_mi_mux[482]
WARNING: [Synth 8-3331] design axis_switch_v1_1_18_static_router_config_dp has unconnected port reg_mi_mux[481]
WARNING: [Synth 8-3331] design axis_switch_v1_1_18_static_router_config_dp has unconnected port reg_mi_mux[480]
WARNING: [Synth 8-3331] design axis_switch_v1_1_18_static_router_config_dp has unconnected port reg_mi_mux[479]
WARNING: [Synth 8-3331] design axis_switch_v1_1_18_static_router_config_dp has unconnected port reg_mi_mux[478]
WARNING: [Synth 8-3331] design axis_switch_v1_1_18_static_router_config_dp has unconnected port reg_mi_mux[477]
WARNING: [Synth 8-3331] design axis_switch_v1_1_18_static_router_config_dp has unconnected port reg_mi_mux[476]
WARNING: [Synth 8-3331] design axis_switch_v1_1_18_static_router_config_dp has unconnected port reg_mi_mux[475]
WARNING: [Synth 8-3331] design axis_switch_v1_1_18_static_router_config_dp has unconnected port reg_mi_mux[474]
WARNING: [Synth 8-3331] design axis_switch_v1_1_18_static_router_config_dp has unconnected port reg_mi_mux[473]
WARNING: [Synth 8-3331] design axis_switch_v1_1_18_static_router_config_dp has unconnected port reg_mi_mux[472]
WARNING: [Synth 8-3331] design axis_switch_v1_1_18_static_router_config_dp has unconnected port reg_mi_mux[471]
WARNING: [Synth 8-3331] design axis_switch_v1_1_18_static_router_config_dp has unconnected port reg_mi_mux[470]
WARNING: [Synth 8-3331] design axis_switch_v1_1_18_static_router_config_dp has unconnected port reg_mi_mux[469]
WARNING: [Synth 8-3331] design axis_switch_v1_1_18_static_router_config_dp has unconnected port reg_mi_mux[468]
WARNING: [Synth 8-3331] design axis_switch_v1_1_18_static_router_config_dp has unconnected port reg_mi_mux[467]
WARNING: [Synth 8-3331] design axis_switch_v1_1_18_static_router_config_dp has unconnected port reg_mi_mux[466]
WARNING: [Synth 8-3331] design axis_switch_v1_1_18_static_router_config_dp has unconnected port reg_mi_mux[465]
WARNING: [Synth 8-3331] design axis_switch_v1_1_18_static_router_config_dp has unconnected port reg_mi_mux[464]
WARNING: [Synth 8-3331] design axis_switch_v1_1_18_static_router_config_dp has unconnected port reg_mi_mux[463]
WARNING: [Synth 8-3331] design axis_switch_v1_1_18_static_router_config_dp has unconnected port reg_mi_mux[462]
WARNING: [Synth 8-3331] design axis_switch_v1_1_18_static_router_config_dp has unconnected port reg_mi_mux[461]
WARNING: [Synth 8-3331] design axis_switch_v1_1_18_static_router_config_dp has unconnected port reg_mi_mux[460]
WARNING: [Synth 8-3331] design axis_switch_v1_1_18_static_router_config_dp has unconnected port reg_mi_mux[459]
WARNING: [Synth 8-3331] design axis_switch_v1_1_18_static_router_config_dp has unconnected port reg_mi_mux[458]
WARNING: [Synth 8-3331] design axis_switch_v1_1_18_static_router_config_dp has unconnected port reg_mi_mux[457]
WARNING: [Synth 8-3331] design axis_switch_v1_1_18_static_router_config_dp has unconnected port reg_mi_mux[456]
WARNING: [Synth 8-3331] design axis_switch_v1_1_18_static_router_config_dp has unconnected port reg_mi_mux[455]
WARNING: [Synth 8-3331] design axis_switch_v1_1_18_static_router_config_dp has unconnected port reg_mi_mux[454]
WARNING: [Synth 8-3331] design axis_switch_v1_1_18_static_router_config_dp has unconnected port reg_mi_mux[453]
WARNING: [Synth 8-3331] design axis_switch_v1_1_18_static_router_config_dp has unconnected port reg_mi_mux[452]
WARNING: [Synth 8-3331] design axis_switch_v1_1_18_static_router_config_dp has unconnected port reg_mi_mux[451]
WARNING: [Synth 8-3331] design axis_switch_v1_1_18_static_router_config_dp has unconnected port reg_mi_mux[450]
WARNING: [Synth 8-3331] design axis_switch_v1_1_18_static_router_config_dp has unconnected port reg_mi_mux[449]
WARNING: [Synth 8-3331] design axis_switch_v1_1_18_static_router_config_dp has unconnected port reg_mi_mux[448]
WARNING: [Synth 8-3331] design axis_switch_v1_1_18_static_router_config_dp has unconnected port reg_mi_mux[447]
WARNING: [Synth 8-3331] design axis_switch_v1_1_18_static_router_config_dp has unconnected port reg_mi_mux[446]
WARNING: [Synth 8-3331] design axis_switch_v1_1_18_static_router_config_dp has unconnected port reg_mi_mux[445]
WARNING: [Synth 8-3331] design axis_switch_v1_1_18_static_router_config_dp has unconnected port reg_mi_mux[444]
WARNING: [Synth 8-3331] design axis_switch_v1_1_18_static_router_config_dp has unconnected port reg_mi_mux[443]
WARNING: [Synth 8-3331] design axis_switch_v1_1_18_static_router_config_dp has unconnected port reg_mi_mux[442]
WARNING: [Synth 8-3331] design axis_switch_v1_1_18_static_router_config_dp has unconnected port reg_mi_mux[441]
WARNING: [Synth 8-3331] design axis_switch_v1_1_18_static_router_config_dp has unconnected port reg_mi_mux[440]
WARNING: [Synth 8-3331] design axis_switch_v1_1_18_static_router_config_dp has unconnected port reg_mi_mux[439]
WARNING: [Synth 8-3331] design axis_switch_v1_1_18_static_router_config_dp has unconnected port reg_mi_mux[438]
WARNING: [Synth 8-3331] design axis_switch_v1_1_18_static_router_config_dp has unconnected port reg_mi_mux[437]
WARNING: [Synth 8-3331] design axis_switch_v1_1_18_static_router_config_dp has unconnected port reg_mi_mux[436]
INFO: [Common 17-14] Message 'Synth 8-3331' appears 100 times and further instances of the messages will be disabled. Use the Tcl command set_msg_config to change the current settings.
---------------------------------------------------------------------------------
Finished RTL Elaboration : Time (s): cpu = 00:00:02 ; elapsed = 00:00:04 . Memory (MB): peak = 438.055 ; gain = 162.797
---------------------------------------------------------------------------------

Report Check Netlist: 
+------+------------------+-------+---------+-------+------------------+
|      |Item              |Errors |Warnings |Status |Description       |
+------+------------------+-------+---------+-------+------------------+
|1     |multi_driven_nets |      0|        0|Passed |Multi driven nets |
+------+------------------+-------+---------+-------+------------------+
---------------------------------------------------------------------------------
Start Handling Custom Attributes
---------------------------------------------------------------------------------
---------------------------------------------------------------------------------
Finished Handling Custom Attributes : Time (s): cpu = 00:00:02 ; elapsed = 00:00:04 . Memory (MB): peak = 438.055 ; gain = 162.797
---------------------------------------------------------------------------------
---------------------------------------------------------------------------------
Finished RTL Optimization Phase 1 : Time (s): cpu = 00:00:02 ; elapsed = 00:00:04 . Memory (MB): peak = 438.055 ; gain = 162.797
---------------------------------------------------------------------------------
INFO: [Device 21-403] Loading part xc7z020clg400-1
INFO: [Project 1-570] Preparing netlist for logic optimization

Processing XDC Constraints
Initializing timing engine
Parsing XDC File [d:/Pynq_CV_OV5640_master/boards/Pynq_Z2/ov5640/bitstream/cv_ov5640/cv_ov5640.srcs/sources_1/bd/cv_ov5640/ip/cv_ov5640_xbar_1/cv_ov5640_xbar_1_ooc.xdc] for cell 'inst'
Finished Parsing XDC File [d:/Pynq_CV_OV5640_master/boards/Pynq_Z2/ov5640/bitstream/cv_ov5640/cv_ov5640.srcs/sources_1/bd/cv_ov5640/ip/cv_ov5640_xbar_1/cv_ov5640_xbar_1_ooc.xdc] for cell 'inst'
Parsing XDC File [D:/Pynq_CV_OV5640_master/boards/Pynq_Z2/ov5640/bitstream/cv_ov5640/cv_ov5640.runs/cv_ov5640_xbar_1_synth_1/dont_touch.xdc]
Finished Parsing XDC File [D:/Pynq_CV_OV5640_master/boards/Pynq_Z2/ov5640/bitstream/cv_ov5640/cv_ov5640.runs/cv_ov5640_xbar_1_synth_1/dont_touch.xdc]
Sourcing Tcl File [D:/Xilinx/Vivado/2018.3/data/ip/xpm/xpm_cdc/tcl/xpm_cdc_handshake.tcl] for cell 'inst/gen_static_router.gen_synch.inst_cdc_handshake/inst_xpm_cdc_handshake'
Finished Sourcing Tcl File [D:/Xilinx/Vivado/2018.3/data/ip/xpm/xpm_cdc/tcl/xpm_cdc_handshake.tcl] for cell 'inst/gen_static_router.gen_synch.inst_cdc_handshake/inst_xpm_cdc_handshake'
INFO: [Project 1-236] Implementation specific constraints were found while reading constraint file [D:/Xilinx/Vivado/2018.3/data/ip/xpm/xpm_cdc/tcl/xpm_cdc_handshake.tcl]. These constraints will be ignored for synthesis but will be used in implementation. Impacted constraints are listed in the file [.Xil/cv_ov5640_xbar_1_propImpl.xdc].
Resolution: To avoid this warning, move constraints listed in [.Xil/cv_ov5640_xbar_1_propImpl.xdc] to another XDC file and exclude this new file from synthesis with the used_in_synthesis property (File Properties dialog in GUI) and re-run elaboration/synthesis.
Sourcing Tcl File [D:/Xilinx/Vivado/2018.3/data/ip/xpm/xpm_cdc/tcl/xpm_cdc_single.tcl] for cell 'inst/gen_static_router.gen_synch.inst_cdc_handshake/inst_xpm_cdc_handshake/xpm_cdc_single_dest2src_inst'
Finished Sourcing Tcl File [D:/Xilinx/Vivado/2018.3/data/ip/xpm/xpm_cdc/tcl/xpm_cdc_single.tcl] for cell 'inst/gen_static_router.gen_synch.inst_cdc_handshake/inst_xpm_cdc_handshake/xpm_cdc_single_dest2src_inst'
Sourcing Tcl File [D:/Xilinx/Vivado/2018.3/data/ip/xpm/xpm_cdc/tcl/xpm_cdc_single.tcl] for cell 'inst/gen_static_router.gen_synch.inst_cdc_handshake/inst_xpm_cdc_handshake/xpm_cdc_single_src2dest_inst'
Finished Sourcing Tcl File [D:/Xilinx/Vivado/2018.3/data/ip/xpm/xpm_cdc/tcl/xpm_cdc_single.tcl] for cell 'inst/gen_static_router.gen_synch.inst_cdc_handshake/inst_xpm_cdc_handshake/xpm_cdc_single_src2dest_inst'
Sourcing Tcl File [D:/Xilinx/Vivado/2018.3/data/ip/xpm/xpm_cdc/tcl/xpm_cdc_single.tcl] for cell 'inst/gen_static_router.gen_synch.inst_rst_synch/inst_xpm_cdc_single'
Finished Sourcing Tcl File [D:/Xilinx/Vivado/2018.3/data/ip/xpm/xpm_cdc/tcl/xpm_cdc_single.tcl] for cell 'inst/gen_static_router.gen_synch.inst_rst_synch/inst_xpm_cdc_single'
INFO: [Project 1-236] Implementation specific constraints were found while reading constraint file [D:/Xilinx/Vivado/2018.3/data/ip/xpm/xpm_cdc/tcl/xpm_cdc_single.tcl]. These constraints will be ignored for synthesis but will be used in implementation. Impacted constraints are listed in the file [.Xil/cv_ov5640_xbar_1_propImpl.xdc].
Resolution: To avoid this warning, move constraints listed in [.Xil/cv_ov5640_xbar_1_propImpl.xdc] to another XDC file and exclude this new file from synthesis with the used_in_synthesis property (File Properties dialog in GUI) and re-run elaboration/synthesis.
Netlist sorting complete. Time (s): cpu = 00:00:00 ; elapsed = 00:00:00.001 . Memory (MB): peak = 808.891 ; gain = 0.000
Completed Processing XDC Constraints

Netlist sorting complete. Time (s): cpu = 00:00:00 ; elapsed = 00:00:00.001 . Memory (MB): peak = 808.891 ; gain = 0.000
INFO: [Project 1-111] Unisim Transformation Summary:
No Unisim elements were transformed.

Netlist sorting complete. Time (s): cpu = 00:00:00 ; elapsed = 00:00:00.001 . Memory (MB): peak = 808.891 ; gain = 0.000
Constraint Validation Runtime : Time (s): cpu = 00:00:00 ; elapsed = 00:00:00.034 . Memory (MB): peak = 808.891 ; gain = 0.000
---------------------------------------------------------------------------------
Finished Constraint Validation : Time (s): cpu = 00:00:09 ; elapsed = 00:00:14 . Memory (MB): peak = 808.891 ; gain = 533.633
---------------------------------------------------------------------------------
---------------------------------------------------------------------------------
Start Loading Part and Timing Information
---------------------------------------------------------------------------------
Loading part: xc7z020clg400-1
---------------------------------------------------------------------------------
Finished Loading Part and Timing Information : Time (s): cpu = 00:00:09 ; elapsed = 00:00:14 . Memory (MB): peak = 808.891 ; gain = 533.633
---------------------------------------------------------------------------------
---------------------------------------------------------------------------------
Start Applying 'set_property' XDC Constraints
---------------------------------------------------------------------------------
Applied set_property DONT_TOUCH = true for inst. (constraint file  D:/Pynq_CV_OV5640_master/boards/Pynq_Z2/ov5640/bitstream/cv_ov5640/cv_ov5640.runs/cv_ov5640_xbar_1_synth_1/dont_touch.xdc, line 9).
Applied set_property DONT_TOUCH = true for inst/\gen_static_router.gen_synch.inst_cdc_handshake /inst_xpm_cdc_handshake. (constraint file  auto generated constraint, line ).
Applied set_property DONT_TOUCH = true for inst/\gen_static_router.gen_synch.inst_rst_synch /inst_xpm_cdc_single. (constraint file  auto generated constraint, line ).
Applied set_property DONT_TOUCH = true for inst/\gen_static_router.gen_synch.inst_cdc_handshake /inst_xpm_cdc_handshake/xpm_cdc_single_dest2src_inst. (constraint file  auto generated constraint, line ).
Applied set_property DONT_TOUCH = true for inst/\gen_static_router.gen_synch.inst_cdc_handshake /inst_xpm_cdc_handshake/xpm_cdc_single_src2dest_inst. (constraint file  auto generated constraint, line ).
---------------------------------------------------------------------------------
Finished applying 'set_property' XDC Constraints : Time (s): cpu = 00:00:09 ; elapsed = 00:00:14 . Memory (MB): peak = 808.891 ; gain = 533.633
---------------------------------------------------------------------------------
INFO: [Synth 8-802] inferred FSM for state register 'state_reg' in module 'axis_switch_v1_1_18_axi_ctrl_read'
INFO: [Synth 8-5544] ROM "state" won't be mapped to Block RAM because address size (1) smaller than threshold (5)
INFO: [Synth 8-4490] FSM extraction disabled for register 'state_reg' through user attribute
INFO: [Synth 8-4471] merging register 'gen_reg[2].reg_data_reg[95:64]' into 'gen_reg[1].reg_data_reg[63:32]' [d:/Pynq_CV_OV5640_master/boards/Pynq_Z2/ov5640/bitstream/cv_ov5640/cv_ov5640.srcs/sources_1/bd/cv_ov5640/ipshared/2576/hdl/axis_switch_v1_1_vl_rfs.v:3015]
INFO: [Synth 8-4471] merging register 'gen_reg[3].reg_data_reg[127:96]' into 'gen_reg[1].reg_data_reg[63:32]' [d:/Pynq_CV_OV5640_master/boards/Pynq_Z2/ov5640/bitstream/cv_ov5640/cv_ov5640.srcs/sources_1/bd/cv_ov5640/ipshared/2576/hdl/axis_switch_v1_1_vl_rfs.v:3015]
INFO: [Synth 8-4471] merging register 'gen_reg[4].reg_data_reg[159:128]' into 'gen_reg[1].reg_data_reg[63:32]' [d:/Pynq_CV_OV5640_master/boards/Pynq_Z2/ov5640/bitstream/cv_ov5640/cv_ov5640.srcs/sources_1/bd/cv_ov5640/ipshared/2576/hdl/axis_switch_v1_1_vl_rfs.v:3015]
INFO: [Synth 8-4471] merging register 'gen_reg[5].reg_data_reg[191:160]' into 'gen_reg[1].reg_data_reg[63:32]' [d:/Pynq_CV_OV5640_master/boards/Pynq_Z2/ov5640/bitstream/cv_ov5640/cv_ov5640.srcs/sources_1/bd/cv_ov5640/ipshared/2576/hdl/axis_switch_v1_1_vl_rfs.v:3015]
INFO: [Synth 8-4471] merging register 'gen_reg[6].reg_data_reg[223:192]' into 'gen_reg[1].reg_data_reg[63:32]' [d:/Pynq_CV_OV5640_master/boards/Pynq_Z2/ov5640/bitstream/cv_ov5640/cv_ov5640.srcs/sources_1/bd/cv_ov5640/ipshared/2576/hdl/axis_switch_v1_1_vl_rfs.v:3015]
INFO: [Synth 8-4471] merging register 'gen_reg[7].reg_data_reg[255:224]' into 'gen_reg[1].reg_data_reg[63:32]' [d:/Pynq_CV_OV5640_master/boards/Pynq_Z2/ov5640/bitstream/cv_ov5640/cv_ov5640.srcs/sources_1/bd/cv_ov5640/ipshared/2576/hdl/axis_switch_v1_1_vl_rfs.v:3015]
INFO: [Synth 8-4471] merging register 'gen_reg[8].reg_data_reg[287:256]' into 'gen_reg[1].reg_data_reg[63:32]' [d:/Pynq_CV_OV5640_master/boards/Pynq_Z2/ov5640/bitstream/cv_ov5640/cv_ov5640.srcs/sources_1/bd/cv_ov5640/ipshared/2576/hdl/axis_switch_v1_1_vl_rfs.v:3015]
INFO: [Synth 8-4471] merging register 'gen_reg[9].reg_data_reg[319:288]' into 'gen_reg[1].reg_data_reg[63:32]' [d:/Pynq_CV_OV5640_master/boards/Pynq_Z2/ov5640/bitstream/cv_ov5640/cv_ov5640.srcs/sources_1/bd/cv_ov5640/ipshared/2576/hdl/axis_switch_v1_1_vl_rfs.v:3015]
INFO: [Synth 8-4471] merging register 'gen_reg[10].reg_data_reg[351:320]' into 'gen_reg[1].reg_data_reg[63:32]' [d:/Pynq_CV_OV5640_master/boards/Pynq_Z2/ov5640/bitstream/cv_ov5640/cv_ov5640.srcs/sources_1/bd/cv_ov5640/ipshared/2576/hdl/axis_switch_v1_1_vl_rfs.v:3015]
INFO: [Synth 8-4471] merging register 'gen_reg[11].reg_data_reg[383:352]' into 'gen_reg[1].reg_data_reg[63:32]' [d:/Pynq_CV_OV5640_master/boards/Pynq_Z2/ov5640/bitstream/cv_ov5640/cv_ov5640.srcs/sources_1/bd/cv_ov5640/ipshared/2576/hdl/axis_switch_v1_1_vl_rfs.v:3015]
INFO: [Synth 8-4471] merging register 'gen_reg[12].reg_data_reg[415:384]' into 'gen_reg[1].reg_data_reg[63:32]' [d:/Pynq_CV_OV5640_master/boards/Pynq_Z2/ov5640/bitstream/cv_ov5640/cv_ov5640.srcs/sources_1/bd/cv_ov5640/ipshared/2576/hdl/axis_switch_v1_1_vl_rfs.v:3015]
INFO: [Synth 8-4471] merging register 'gen_reg[13].reg_data_reg[447:416]' into 'gen_reg[1].reg_data_reg[63:32]' [d:/Pynq_CV_OV5640_master/boards/Pynq_Z2/ov5640/bitstream/cv_ov5640/cv_ov5640.srcs/sources_1/bd/cv_ov5640/ipshared/2576/hdl/axis_switch_v1_1_vl_rfs.v:3015]
INFO: [Synth 8-4471] merging register 'gen_reg[14].reg_data_reg[479:448]' into 'gen_reg[1].reg_data_reg[63:32]' [d:/Pynq_CV_OV5640_master/boards/Pynq_Z2/ov5640/bitstream/cv_ov5640/cv_ov5640.srcs/sources_1/bd/cv_ov5640/ipshared/2576/hdl/axis_switch_v1_1_vl_rfs.v:3015]
INFO: [Synth 8-4471] merging register 'gen_reg[15].reg_data_reg[511:480]' into 'gen_reg[1].reg_data_reg[63:32]' [d:/Pynq_CV_OV5640_master/boards/Pynq_Z2/ov5640/bitstream/cv_ov5640/cv_ov5640.srcs/sources_1/bd/cv_ov5640/ipshared/2576/hdl/axis_switch_v1_1_vl_rfs.v:3015]
INFO: [Synth 8-4471] merging register 'gen_reg[2].reg_data_reg[95:64]' into 'gen_reg[1].reg_data_reg[63:32]' [d:/Pynq_CV_OV5640_master/boards/Pynq_Z2/ov5640/bitstream/cv_ov5640/cv_ov5640.srcs/sources_1/bd/cv_ov5640/ipshared/2576/hdl/axis_switch_v1_1_vl_rfs.v:3015]
INFO: [Synth 8-4471] merging register 'gen_reg[3].reg_data_reg[127:96]' into 'gen_reg[1].reg_data_reg[63:32]' [d:/Pynq_CV_OV5640_master/boards/Pynq_Z2/ov5640/bitstream/cv_ov5640/cv_ov5640.srcs/sources_1/bd/cv_ov5640/ipshared/2576/hdl/axis_switch_v1_1_vl_rfs.v:3015]
INFO: [Synth 8-4471] merging register 'gen_reg[4].reg_data_reg[159:128]' into 'gen_reg[1].reg_data_reg[63:32]' [d:/Pynq_CV_OV5640_master/boards/Pynq_Z2/ov5640/bitstream/cv_ov5640/cv_ov5640.srcs/sources_1/bd/cv_ov5640/ipshared/2576/hdl/axis_switch_v1_1_vl_rfs.v:3015]
INFO: [Synth 8-4471] merging register 'gen_reg[5].reg_data_reg[191:160]' into 'gen_reg[1].reg_data_reg[63:32]' [d:/Pynq_CV_OV5640_master/boards/Pynq_Z2/ov5640/bitstream/cv_ov5640/cv_ov5640.srcs/sources_1/bd/cv_ov5640/ipshared/2576/hdl/axis_switch_v1_1_vl_rfs.v:3015]
INFO: [Synth 8-4471] merging register 'gen_reg[6].reg_data_reg[223:192]' into 'gen_reg[1].reg_data_reg[63:32]' [d:/Pynq_CV_OV5640_master/boards/Pynq_Z2/ov5640/bitstream/cv_ov5640/cv_ov5640.srcs/sources_1/bd/cv_ov5640/ipshared/2576/hdl/axis_switch_v1_1_vl_rfs.v:3015]
INFO: [Synth 8-4471] merging register 'gen_reg[7].reg_data_reg[255:224]' into 'gen_reg[1].reg_data_reg[63:32]' [d:/Pynq_CV_OV5640_master/boards/Pynq_Z2/ov5640/bitstream/cv_ov5640/cv_ov5640.srcs/sources_1/bd/cv_ov5640/ipshared/2576/hdl/axis_switch_v1_1_vl_rfs.v:3015]
INFO: [Synth 8-4471] merging register 'gen_reg[8].reg_data_reg[287:256]' into 'gen_reg[1].reg_data_reg[63:32]' [d:/Pynq_CV_OV5640_master/boards/Pynq_Z2/ov5640/bitstream/cv_ov5640/cv_ov5640.srcs/sources_1/bd/cv_ov5640/ipshared/2576/hdl/axis_switch_v1_1_vl_rfs.v:3015]
INFO: [Synth 8-4471] merging register 'gen_reg[9].reg_data_reg[319:288]' into 'gen_reg[1].reg_data_reg[63:32]' [d:/Pynq_CV_OV5640_master/boards/Pynq_Z2/ov5640/bitstream/cv_ov5640/cv_ov5640.srcs/sources_1/bd/cv_ov5640/ipshared/2576/hdl/axis_switch_v1_1_vl_rfs.v:3015]
INFO: [Synth 8-4471] merging register 'gen_reg[10].reg_data_reg[351:320]' into 'gen_reg[1].reg_data_reg[63:32]' [d:/Pynq_CV_OV5640_master/boards/Pynq_Z2/ov5640/bitstream/cv_ov5640/cv_ov5640.srcs/sources_1/bd/cv_ov5640/ipshared/2576/hdl/axis_switch_v1_1_vl_rfs.v:3015]
INFO: [Synth 8-4471] merging register 'gen_reg[11].reg_data_reg[383:352]' into 'gen_reg[1].reg_data_reg[63:32]' [d:/Pynq_CV_OV5640_master/boards/Pynq_Z2/ov5640/bitstream/cv_ov5640/cv_ov5640.srcs/sources_1/bd/cv_ov5640/ipshared/2576/hdl/axis_switch_v1_1_vl_rfs.v:3015]
INFO: [Synth 8-4471] merging register 'gen_reg[12].reg_data_reg[415:384]' into 'gen_reg[1].reg_data_reg[63:32]' [d:/Pynq_CV_OV5640_master/boards/Pynq_Z2/ov5640/bitstream/cv_ov5640/cv_ov5640.srcs/sources_1/bd/cv_ov5640/ipshared/2576/hdl/axis_switch_v1_1_vl_rfs.v:3015]
INFO: [Synth 8-4471] merging register 'gen_reg[13].reg_data_reg[447:416]' into 'gen_reg[1].reg_data_reg[63:32]' [d:/Pynq_CV_OV5640_master/boards/Pynq_Z2/ov5640/bitstream/cv_ov5640/cv_ov5640.srcs/sources_1/bd/cv_ov5640/ipshared/2576/hdl/axis_switch_v1_1_vl_rfs.v:3015]
INFO: [Synth 8-4471] merging register 'gen_reg[14].reg_data_reg[479:448]' into 'gen_reg[1].reg_data_reg[63:32]' [d:/Pynq_CV_OV5640_master/boards/Pynq_Z2/ov5640/bitstream/cv_ov5640/cv_ov5640.srcs/sources_1/bd/cv_ov5640/ipshared/2576/hdl/axis_switch_v1_1_vl_rfs.v:3015]
INFO: [Synth 8-4471] merging register 'gen_reg[15].reg_data_reg[511:480]' into 'gen_reg[1].reg_data_reg[63:32]' [d:/Pynq_CV_OV5640_master/boards/Pynq_Z2/ov5640/bitstream/cv_ov5640/cv_ov5640.srcs/sources_1/bd/cv_ov5640/ipshared/2576/hdl/axis_switch_v1_1_vl_rfs.v:3015]
INFO: [Synth 8-5544] ROM "p_0_out" won't be mapped to Block RAM because address size (4) smaller than threshold (5)
INFO: [Synth 8-802] inferred FSM for state register 'state_reg' in module 'axis_switch_v1_1_18_static_router_config'
INFO: [Synth 8-5544] ROM "commit_reset" won't be mapped to Block RAM because address size (3) smaller than threshold (5)
INFO: [Synth 8-5544] ROM "start" won't be mapped to Block RAM because address size (3) smaller than threshold (5)
INFO: [Synth 8-5544] ROM "ctrl_soft_reset_r0" won't be mapped to Block RAM because address size (3) smaller than threshold (5)
INFO: [Synth 8-5544] ROM "state" won't be mapped to Block RAM because address size (1) smaller than threshold (5)
INFO: [Synth 8-5544] ROM "state" won't be mapped to Block RAM because address size (1) smaller than threshold (5)
INFO: [Synth 8-5544] ROM "state" won't be mapped to Block RAM because address size (1) smaller than threshold (5)
---------------------------------------------------------------------------------------------------
                   State |                     New Encoding |                Previous Encoding 
---------------------------------------------------------------------------------------------------
                 SM_IDLE |                              001 |                               00
                 SM_READ |                              010 |                               01
                 SM_RESP |                              100 |                               10
---------------------------------------------------------------------------------------------------
INFO: [Synth 8-3354] encoded FSM with state register 'state_reg' using encoding 'one-hot' in module 'axis_switch_v1_1_18_axi_ctrl_read'
---------------------------------------------------------------------------------------------------
                   State |                     New Encoding |                Previous Encoding 
---------------------------------------------------------------------------------------------------
                 SM_IDLE |                            00001 |                              000
                SM_START |                            00010 |                              001
                 SM_WAIT |                            00100 |                              010
               SM_COMMIT |                            01000 |                              011
             SM_COMPLETE |                            10000 |                              100
---------------------------------------------------------------------------------------------------
INFO: [Synth 8-3354] encoded FSM with state register 'state_reg' using encoding 'one-hot' in module 'axis_switch_v1_1_18_static_router_config'
---------------------------------------------------------------------------------
Finished RTL Optimization Phase 2 : Time (s): cpu = 00:00:09 ; elapsed = 00:00:15 . Memory (MB): peak = 808.891 ; gain = 533.633
---------------------------------------------------------------------------------

Report RTL Partitions: 
+-+--------------+------------+----------+
| |RTL Partition |Replication |Instances |
+-+--------------+------------+----------+
+-+--------------+------------+----------+
---------------------------------------------------------------------------------
Start RTL Component Statistics 
---------------------------------------------------------------------------------
Detailed RTL Component Info : 
+---Adders : 
	   2 Input      4 Bit       Adders := 2     
+---Registers : 
	               50 Bit    Registers := 4     
	               32 Bit    Registers := 6     
	               16 Bit    Registers := 1     
	                7 Bit    Registers := 2     
	                4 Bit    Registers := 18    
	                3 Bit    Registers := 1     
	                1 Bit    Registers := 31    
+---Muxes : 
	   2 Input     32 Bit        Muxes := 2     
	   5 Input      5 Bit        Muxes := 1     
	   2 Input      5 Bit        Muxes := 4     
	   2 Input      4 Bit        Muxes := 1     
	   3 Input      3 Bit        Muxes := 1     
	   2 Input      3 Bit        Muxes := 2     
	   6 Input      3 Bit        Muxes := 1     
	   2 Input      2 Bit        Muxes := 1     
	   2 Input      1 Bit        Muxes := 11    
	   5 Input      1 Bit        Muxes := 2     
---------------------------------------------------------------------------------
Finished RTL Component Statistics 
---------------------------------------------------------------------------------
---------------------------------------------------------------------------------
Start RTL Hierarchical Component Statistics 
---------------------------------------------------------------------------------
Hierarchical RTL Component report 
Module xpm_cdc_single 
Detailed RTL Component Info : 
+---Registers : 
	                4 Bit    Registers := 1     
Module xpm_cdc_handshake 
Detailed RTL Component Info : 
+---Registers : 
	               50 Bit    Registers := 2     
	                1 Bit    Registers := 3     
Module axis_switch_v1_1_18_axi_ctrl_read 
Detailed RTL Component Info : 
+---Registers : 
	               32 Bit    Registers := 1     
	                7 Bit    Registers := 1     
+---Muxes : 
	   2 Input     32 Bit        Muxes := 1     
	   3 Input      3 Bit        Muxes := 1     
	   2 Input      3 Bit        Muxes := 2     
Module axis_switch_v1_1_18_axi_ctrl_write 
Detailed RTL Component Info : 
+---Registers : 
	               32 Bit    Registers := 1     
	                7 Bit    Registers := 1     
	                3 Bit    Registers := 1     
+---Muxes : 
	   6 Input      3 Bit        Muxes := 1     
	   2 Input      2 Bit        Muxes := 1     
	   2 Input      1 Bit        Muxes := 1     
Module axis_switch_v1_1_18_reg_bank_16x32 
Detailed RTL Component Info : 
+---Registers : 
	               32 Bit    Registers := 2     
Module axis_switch_v1_1_18_reg_bank_16x32__parameterized0 
Detailed RTL Component Info : 
+---Registers : 
	               32 Bit    Registers := 2     
Module axis_switch_v1_1_18_axi_ctrl_top 
Detailed RTL Component Info : 
+---Muxes : 
	   2 Input     32 Bit        Muxes := 1     
	   2 Input      4 Bit        Muxes := 1     
Module axis_switch_v1_1_18_static_router_config_dp 
Detailed RTL Component Info : 
+---Adders : 
	   2 Input      4 Bit       Adders := 2     
+---Registers : 
	               16 Bit    Registers := 1     
	                4 Bit    Registers := 15    
	                1 Bit    Registers := 24    
+---Muxes : 
	   2 Input      1 Bit        Muxes := 1     
Module axis_switch_v1_1_18_static_router_config 
Detailed RTL Component Info : 
+---Registers : 
	               50 Bit    Registers := 1     
	                1 Bit    Registers := 2     
+---Muxes : 
	   5 Input      5 Bit        Muxes := 1     
	   2 Input      5 Bit        Muxes := 4     
	   5 Input      1 Bit        Muxes := 2     
Module axis_switch_v1_1_18_axisc_transfer_mux 
Detailed RTL Component Info : 
+---Muxes : 
	   2 Input      1 Bit        Muxes := 9     
Module axis_switch_v1_1_18_axis_switch 
Detailed RTL Component Info : 
+---Registers : 
	               50 Bit    Registers := 1     
	                1 Bit    Registers := 2     
---------------------------------------------------------------------------------
Finished RTL Hierarchical Component Statistics
---------------------------------------------------------------------------------
---------------------------------------------------------------------------------
Start Part Resource Summary
---------------------------------------------------------------------------------
Part Resources:
DSPs: 220 (col length:60)
BRAMs: 280 (col length: RAMB18 60 RAMB36 30)
---------------------------------------------------------------------------------
Finished Part Resource Summary
---------------------------------------------------------------------------------
---------------------------------------------------------------------------------
Start Cross Boundary and Area Optimization
---------------------------------------------------------------------------------
Warning: Parallel synthesis criteria is not met 
INFO: [Synth 8-4471] merging register 'gen_static_router.inst_static_router/inst_start_router_config/inst_start_router_config_dp/mi_cntr_reg[3:0]' into 'gen_static_router.inst_static_router/inst_start_router_config/inst_start_router_config_dp/mi_cntr_reg[3:0]' [d:/Pynq_CV_OV5640_master/boards/Pynq_Z2/ov5640/bitstream/cv_ov5640/cv_ov5640.srcs/sources_1/bd/cv_ov5640/ipshared/2576/hdl/axis_switch_v1_1_vl_rfs.v:2444]
INFO: [Synth 8-4471] merging register 'gen_static_router.inst_static_router/inst_start_router_config/inst_start_router_config_dp/mi_cntr_reg[3:0]' into 'gen_static_router.inst_static_router/inst_start_router_config/inst_start_router_config_dp/mi_cntr_reg[3:0]' [d:/Pynq_CV_OV5640_master/boards/Pynq_Z2/ov5640/bitstream/cv_ov5640/cv_ov5640.srcs/sources_1/bd/cv_ov5640/ipshared/2576/hdl/axis_switch_v1_1_vl_rfs.v:2444]
INFO: [Synth 8-3886] merging instance 'inst/gen_static_router.inst_static_router/inst_axi_ctrl_top/inst_reg_bank_1/gen_reg[1].reg_data_reg[32]' (FDRE) to 'inst/gen_static_router.inst_static_router/inst_axi_ctrl_top/inst_reg_bank_1/gen_reg[1].reg_data_reg[33]'
INFO: [Synth 8-3886] merging instance 'inst/gen_static_router.inst_static_router/inst_axi_ctrl_top/inst_reg_bank_1/gen_reg[1].reg_data_reg[33]' (FDRE) to 'inst/gen_static_router.inst_static_router/inst_axi_ctrl_top/inst_reg_bank_1/gen_reg[1].reg_data_reg[34]'
INFO: [Synth 8-3886] merging instance 'inst/gen_static_router.inst_static_router/inst_axi_ctrl_top/inst_reg_bank_1/gen_reg[1].reg_data_reg[34]' (FDRE) to 'inst/gen_static_router.inst_static_router/inst_axi_ctrl_top/inst_reg_bank_1/gen_reg[1].reg_data_reg[35]'
INFO: [Synth 8-3886] merging instance 'inst/gen_static_router.inst_static_router/inst_axi_ctrl_top/inst_reg_bank_1/gen_reg[1].reg_data_reg[35]' (FDRE) to 'inst/gen_static_router.inst_static_router/inst_axi_ctrl_top/inst_reg_bank_1/gen_reg[1].reg_data_reg[36]'
INFO: [Synth 8-3886] merging instance 'inst/gen_static_router.inst_static_router/inst_axi_ctrl_top/inst_reg_bank_1/gen_reg[1].reg_data_reg[36]' (FDRE) to 'inst/gen_static_router.inst_static_router/inst_axi_ctrl_top/inst_reg_bank_1/gen_reg[1].reg_data_reg[37]'
INFO: [Synth 8-3886] merging instance 'inst/gen_static_router.inst_static_router/inst_axi_ctrl_top/inst_reg_bank_1/gen_reg[1].reg_data_reg[37]' (FDRE) to 'inst/gen_static_router.inst_static_router/inst_axi_ctrl_top/inst_reg_bank_1/gen_reg[1].reg_data_reg[38]'
INFO: [Synth 8-3886] merging instance 'inst/gen_static_router.inst_static_router/inst_axi_ctrl_top/inst_reg_bank_1/gen_reg[1].reg_data_reg[38]' (FDRE) to 'inst/gen_static_router.inst_static_router/inst_axi_ctrl_top/inst_reg_bank_1/gen_reg[1].reg_data_reg[39]'
INFO: [Synth 8-3886] merging instance 'inst/gen_static_router.inst_static_router/inst_axi_ctrl_top/inst_reg_bank_1/gen_reg[1].reg_data_reg[39]' (FDRE) to 'inst/gen_static_router.inst_static_router/inst_axi_ctrl_top/inst_reg_bank_1/gen_reg[1].reg_data_reg[40]'
INFO: [Synth 8-3886] merging instance 'inst/gen_static_router.inst_static_router/inst_axi_ctrl_top/inst_reg_bank_1/gen_reg[1].reg_data_reg[40]' (FDRE) to 'inst/gen_static_router.inst_static_router/inst_axi_ctrl_top/inst_reg_bank_1/gen_reg[1].reg_data_reg[41]'
INFO: [Synth 8-3886] merging instance 'inst/gen_static_router.inst_static_router/inst_axi_ctrl_top/inst_reg_bank_1/gen_reg[1].reg_data_reg[41]' (FDRE) to 'inst/gen_static_router.inst_static_router/inst_axi_ctrl_top/inst_reg_bank_1/gen_reg[1].reg_data_reg[42]'
INFO: [Synth 8-3886] merging instance 'inst/gen_static_router.inst_static_router/inst_axi_ctrl_top/inst_reg_bank_1/gen_reg[1].reg_data_reg[42]' (FDRE) to 'inst/gen_static_router.inst_static_router/inst_axi_ctrl_top/inst_reg_bank_1/gen_reg[1].reg_data_reg[43]'
INFO: [Synth 8-3886] merging instance 'inst/gen_static_router.inst_static_router/inst_axi_ctrl_top/inst_reg_bank_1/gen_reg[1].reg_data_reg[43]' (FDRE) to 'inst/gen_static_router.inst_static_router/inst_axi_ctrl_top/inst_reg_bank_1/gen_reg[1].reg_data_reg[44]'
INFO: [Synth 8-3886] merging instance 'inst/gen_static_router.inst_static_router/inst_axi_ctrl_top/inst_reg_bank_1/gen_reg[1].reg_data_reg[44]' (FDRE) to 'inst/gen_static_router.inst_static_router/inst_axi_ctrl_top/inst_reg_bank_1/gen_reg[1].reg_data_reg[45]'
INFO: [Synth 8-3886] merging instance 'inst/gen_static_router.inst_static_router/inst_axi_ctrl_top/inst_reg_bank_1/gen_reg[1].reg_data_reg[45]' (FDRE) to 'inst/gen_static_router.inst_static_router/inst_axi_ctrl_top/inst_reg_bank_1/gen_reg[1].reg_data_reg[46]'
INFO: [Synth 8-3886] merging instance 'inst/gen_static_router.inst_static_router/inst_axi_ctrl_top/inst_reg_bank_1/gen_reg[1].reg_data_reg[46]' (FDRE) to 'inst/gen_static_router.inst_static_router/inst_axi_ctrl_top/inst_reg_bank_1/gen_reg[1].reg_data_reg[47]'
INFO: [Synth 8-3886] merging instance 'inst/gen_static_router.inst_static_router/inst_axi_ctrl_top/inst_reg_bank_1/gen_reg[1].reg_data_reg[47]' (FDRE) to 'inst/gen_static_router.inst_static_router/inst_axi_ctrl_top/inst_reg_bank_1/gen_reg[1].reg_data_reg[48]'
INFO: [Synth 8-3886] merging instance 'inst/gen_static_router.inst_static_router/inst_axi_ctrl_top/inst_reg_bank_1/gen_reg[1].reg_data_reg[48]' (FDRE) to 'inst/gen_static_router.inst_static_router/inst_axi_ctrl_top/inst_reg_bank_1/gen_reg[1].reg_data_reg[49]'
INFO: [Synth 8-3886] merging instance 'inst/gen_static_router.inst_static_router/inst_axi_ctrl_top/inst_reg_bank_1/gen_reg[1].reg_data_reg[49]' (FDRE) to 'inst/gen_static_router.inst_static_router/inst_axi_ctrl_top/inst_reg_bank_1/gen_reg[1].reg_data_reg[50]'
INFO: [Synth 8-3886] merging instance 'inst/gen_static_router.inst_static_router/inst_axi_ctrl_top/inst_reg_bank_1/gen_reg[1].reg_data_reg[50]' (FDRE) to 'inst/gen_static_router.inst_static_router/inst_axi_ctrl_top/inst_reg_bank_1/gen_reg[1].reg_data_reg[51]'
INFO: [Synth 8-3886] merging instance 'inst/gen_static_router.inst_static_router/inst_axi_ctrl_top/inst_reg_bank_1/gen_reg[1].reg_data_reg[51]' (FDRE) to 'inst/gen_static_router.inst_static_router/inst_axi_ctrl_top/inst_reg_bank_1/gen_reg[1].reg_data_reg[52]'
INFO: [Synth 8-3886] merging instance 'inst/gen_static_router.inst_static_router/inst_axi_ctrl_top/inst_reg_bank_1/gen_reg[1].reg_data_reg[52]' (FDRE) to 'inst/gen_static_router.inst_static_router/inst_axi_ctrl_top/inst_reg_bank_1/gen_reg[1].reg_data_reg[53]'
INFO: [Synth 8-3886] merging instance 'inst/gen_static_router.inst_static_router/inst_axi_ctrl_top/inst_reg_bank_1/gen_reg[1].reg_data_reg[53]' (FDRE) to 'inst/gen_static_router.inst_static_router/inst_axi_ctrl_top/inst_reg_bank_1/gen_reg[1].reg_data_reg[54]'
INFO: [Synth 8-3886] merging instance 'inst/gen_static_router.inst_static_router/inst_axi_ctrl_top/inst_reg_bank_1/gen_reg[1].reg_data_reg[54]' (FDRE) to 'inst/gen_static_router.inst_static_router/inst_axi_ctrl_top/inst_reg_bank_1/gen_reg[1].reg_data_reg[55]'
INFO: [Synth 8-3886] merging instance 'inst/gen_static_router.inst_static_router/inst_axi_ctrl_top/inst_reg_bank_1/gen_reg[1].reg_data_reg[55]' (FDRE) to 'inst/gen_static_router.inst_static_router/inst_axi_ctrl_top/inst_reg_bank_1/gen_reg[1].reg_data_reg[56]'
INFO: [Synth 8-3886] merging instance 'inst/gen_static_router.inst_static_router/inst_axi_ctrl_top/inst_reg_bank_1/gen_reg[1].reg_data_reg[56]' (FDRE) to 'inst/gen_static_router.inst_static_router/inst_axi_ctrl_top/inst_reg_bank_1/gen_reg[1].reg_data_reg[57]'
INFO: [Synth 8-3886] merging instance 'inst/gen_static_router.inst_static_router/inst_axi_ctrl_top/inst_reg_bank_1/gen_reg[1].reg_data_reg[57]' (FDRE) to 'inst/gen_static_router.inst_static_router/inst_axi_ctrl_top/inst_reg_bank_1/gen_reg[1].reg_data_reg[58]'
INFO: [Synth 8-3886] merging instance 'inst/gen_static_router.inst_static_router/inst_axi_ctrl_top/inst_reg_bank_1/gen_reg[1].reg_data_reg[58]' (FDRE) to 'inst/gen_static_router.inst_static_router/inst_axi_ctrl_top/inst_reg_bank_1/gen_reg[1].reg_data_reg[59]'
INFO: [Synth 8-3886] merging instance 'inst/gen_static_router.inst_static_router/inst_axi_ctrl_top/inst_reg_bank_1/gen_reg[1].reg_data_reg[59]' (FDRE) to 'inst/gen_static_router.inst_static_router/inst_axi_ctrl_top/inst_reg_bank_1/gen_reg[1].reg_data_reg[60]'
INFO: [Synth 8-3886] merging instance 'inst/gen_static_router.inst_static_router/inst_axi_ctrl_top/inst_reg_bank_1/gen_reg[1].reg_data_reg[60]' (FDRE) to 'inst/gen_static_router.inst_static_router/inst_axi_ctrl_top/inst_reg_bank_1/gen_reg[1].reg_data_reg[61]'
INFO: [Synth 8-3886] merging instance 'inst/gen_static_router.inst_static_router/inst_axi_ctrl_top/inst_reg_bank_1/gen_reg[1].reg_data_reg[61]' (FDRE) to 'inst/gen_static_router.inst_static_router/inst_axi_ctrl_top/inst_reg_bank_1/gen_reg[1].reg_data_reg[62]'
INFO: [Synth 8-3333] propagating constant 0 across sequential element (inst/\gen_static_router.inst_static_router/inst_axi_ctrl_top/inst_reg_bank_1/gen_reg[1].reg_data_reg[62] )
INFO: [Synth 8-3333] propagating constant 1 across sequential element (inst/\gen_static_router.inst_static_router/inst_axi_ctrl_top/inst_reg_bank_1/gen_reg[1].reg_data_reg[63] )
---------------------------------------------------------------------------------
Finished Cross Boundary and Area Optimization : Time (s): cpu = 00:00:10 ; elapsed = 00:00:16 . Memory (MB): peak = 808.891 ; gain = 533.633
---------------------------------------------------------------------------------

Report RTL Partitions: 
+-+--------------+------------+----------+
| |RTL Partition |Replication |Instances |
+-+--------------+------------+----------+
+-+--------------+------------+----------+
---------------------------------------------------------------------------------
Start Applying XDC Timing Constraints
---------------------------------------------------------------------------------
---------------------------------------------------------------------------------
Finished Applying XDC Timing Constraints : Time (s): cpu = 00:00:15 ; elapsed = 00:00:24 . Memory (MB): peak = 808.891 ; gain = 533.633
---------------------------------------------------------------------------------
---------------------------------------------------------------------------------
Start Timing Optimization
---------------------------------------------------------------------------------
---------------------------------------------------------------------------------
Finished Timing Optimization : Time (s): cpu = 00:00:15 ; elapsed = 00:00:24 . Memory (MB): peak = 813.547 ; gain = 538.289
---------------------------------------------------------------------------------

Report RTL Partitions: 
+-+--------------+------------+----------+
| |RTL Partition |Replication |Instances |
+-+--------------+------------+----------+
+-+--------------+------------+----------+
---------------------------------------------------------------------------------
Start Technology Mapping
---------------------------------------------------------------------------------
---------------------------------------------------------------------------------
Finished Technology Mapping : Time (s): cpu = 00:00:15 ; elapsed = 00:00:25 . Memory (MB): peak = 819.691 ; gain = 544.434
---------------------------------------------------------------------------------

Report RTL Partitions: 
+-+--------------+------------+----------+
| |RTL Partition |Replication |Instances |
+-+--------------+------------+----------+
+-+--------------+------------+----------+
---------------------------------------------------------------------------------
Start IO Insertion
---------------------------------------------------------------------------------
---------------------------------------------------------------------------------
Start Flattening Before IO Insertion
---------------------------------------------------------------------------------
---------------------------------------------------------------------------------
Finished Flattening Before IO Insertion
---------------------------------------------------------------------------------
---------------------------------------------------------------------------------
Start Final Netlist Cleanup
---------------------------------------------------------------------------------
---------------------------------------------------------------------------------
Finished Final Netlist Cleanup
---------------------------------------------------------------------------------
---------------------------------------------------------------------------------
Finished IO Insertion : Time (s): cpu = 00:00:16 ; elapsed = 00:00:26 . Memory (MB): peak = 819.691 ; gain = 544.434
---------------------------------------------------------------------------------

Report Check Netlist: 
+------+------------------+-------+---------+-------+------------------+
|      |Item              |Errors |Warnings |Status |Description       |
+------+------------------+-------+---------+-------+------------------+
|1     |multi_driven_nets |      0|        0|Passed |Multi driven nets |
+------+------------------+-------+---------+-------+------------------+
---------------------------------------------------------------------------------
Start Renaming Generated Instances
---------------------------------------------------------------------------------
---------------------------------------------------------------------------------
Finished Renaming Generated Instances : Time (s): cpu = 00:00:16 ; elapsed = 00:00:26 . Memory (MB): peak = 819.691 ; gain = 544.434
---------------------------------------------------------------------------------

Report RTL Partitions: 
+-+--------------+------------+----------+
| |RTL Partition |Replication |Instances |
+-+--------------+------------+----------+
+-+--------------+------------+----------+
---------------------------------------------------------------------------------
Start Rebuilding User Hierarchy
---------------------------------------------------------------------------------
---------------------------------------------------------------------------------
Finished Rebuilding User Hierarchy : Time (s): cpu = 00:00:16 ; elapsed = 00:00:26 . Memory (MB): peak = 819.691 ; gain = 544.434
---------------------------------------------------------------------------------
---------------------------------------------------------------------------------
Start Renaming Generated Ports
---------------------------------------------------------------------------------
---------------------------------------------------------------------------------
Finished Renaming Generated Ports : Time (s): cpu = 00:00:16 ; elapsed = 00:00:26 . Memory (MB): peak = 819.691 ; gain = 544.434
---------------------------------------------------------------------------------
---------------------------------------------------------------------------------
Start Handling Custom Attributes
---------------------------------------------------------------------------------
---------------------------------------------------------------------------------
Finished Handling Custom Attributes : Time (s): cpu = 00:00:16 ; elapsed = 00:00:26 . Memory (MB): peak = 819.691 ; gain = 544.434
---------------------------------------------------------------------------------
---------------------------------------------------------------------------------
Start Renaming Generated Nets
---------------------------------------------------------------------------------
---------------------------------------------------------------------------------
Finished Renaming Generated Nets : Time (s): cpu = 00:00:16 ; elapsed = 00:00:26 . Memory (MB): peak = 819.691 ; gain = 544.434
---------------------------------------------------------------------------------
---------------------------------------------------------------------------------
Start Writing Synthesis Report
---------------------------------------------------------------------------------

Report BlackBoxes: 
+-+--------------+----------+
| |BlackBox name |Instances |
+-+--------------+----------+
+-+--------------+----------+

Report Cell Usage: 
+------+-----+------+
|      |Cell |Count |
+------+-----+------+
|1     |LUT1 |    15|
|2     |LUT2 |    53|
|3     |LUT3 |    37|
|4     |LUT4 |    14|
|5     |LUT5 |     5|
|6     |LUT6 |   132|
|7     |FDRE |   405|
|8     |FDSE |     4|
+------+-----+------+

Report Instance Areas: 
+------+-----------------------------------------------------+---------------------------------------------------+------+
|      |Instance                                             |Module                                             |Cells |
+------+-----------------------------------------------------+---------------------------------------------------+------+
|1     |top                                                  |                                                   |   665|
|2     |  inst                                               |axis_switch_v1_1_18_axis_switch                    |   665|
|3     |    \gen_static_router.gen_synch.inst_cdc_handshake  |axis_infrastructure_v1_1_0_cdc_handshake           |   114|
|4     |      inst_xpm_cdc_handshake                         |xpm_cdc_handshake                                  |   113|
|5     |        xpm_cdc_single_src2dest_inst                 |xpm_cdc_single__4                                  |     4|
|6     |        xpm_cdc_single_dest2src_inst                 |xpm_cdc_single                                     |     4|
|7     |    \gen_static_router.gen_synch.inst_rst_synch      |axis_infrastructure_v1_1_0_clock_synchronizer      |     4|
|8     |      inst_xpm_cdc_single                            |xpm_cdc_single__3                                  |     4|
|9     |    \gen_static_router.inst_static_router            |axis_switch_v1_1_18_static_router                  |   413|
|10    |      inst_axi_ctrl_top                              |axis_switch_v1_1_18_axi_ctrl_top                   |   220|
|11    |        inst_axi_ctrl_read                           |axis_switch_v1_1_18_axi_ctrl_read                  |    46|
|12    |        inst_axi_ctrl_write                          |axis_switch_v1_1_18_axi_ctrl_write                 |    78|
|13    |        inst_reg_bank_0                              |axis_switch_v1_1_18_reg_bank_16x32                 |    32|
|14    |        inst_reg_bank_1                              |axis_switch_v1_1_18_reg_bank_16x32__parameterized0 |    64|
|15    |      inst_start_router_config                       |axis_switch_v1_1_18_static_router_config           |   193|
|16    |        inst_start_router_config_dp                  |axis_switch_v1_1_18_static_router_config_dp        |   134|
+------+-----------------------------------------------------+---------------------------------------------------+------+
---------------------------------------------------------------------------------
Finished Writing Synthesis Report : Time (s): cpu = 00:00:16 ; elapsed = 00:00:26 . Memory (MB): peak = 819.691 ; gain = 544.434
---------------------------------------------------------------------------------
Synthesis finished with 0 errors, 0 critical warnings and 16 warnings.
Synthesis Optimization Runtime : Time (s): cpu = 00:00:09 ; elapsed = 00:00:19 . Memory (MB): peak = 819.691 ; gain = 173.598
Synthesis Optimization Complete : Time (s): cpu = 00:00:16 ; elapsed = 00:00:26 . Memory (MB): peak = 819.691 ; gain = 544.434
INFO: [Project 1-571] Translating synthesized netlist
INFO: [Project 1-570] Preparing netlist for logic optimization
INFO: [Opt 31-138] Pushed 0 inverter(s) to 0 load pin(s).
Netlist sorting complete. Time (s): cpu = 00:00:00 ; elapsed = 00:00:00 . Memory (MB): peak = 819.691 ; gain = 0.000
INFO: [Project 1-111] Unisim Transformation Summary:
No Unisim elements were transformed.

INFO: [Common 17-83] Releasing license: Synthesis
131 Infos, 102 Warnings, 0 Critical Warnings and 0 Errors encountered.
synth_design completed successfully
synth_design: Time (s): cpu = 00:00:18 ; elapsed = 00:00:28 . Memory (MB): peak = 819.691 ; gain = 551.020
Netlist sorting complete. Time (s): cpu = 00:00:00 ; elapsed = 00:00:00.001 . Memory (MB): peak = 819.691 ; gain = 0.000
WARNING: [Constraints 18-5210] No constraints selected for write.
Resolution: This message can indicate that there are no constraints for the design, or it can indicate that the used_in flags are set such that the constraints are ignored. This later case is used when running synth_design to not write synthesis constraints to the resulting checkpoint. Instead, project constraints are read when the synthesized design is opened.
INFO: [Common 17-1381] The checkpoint 'D:/Pynq_CV_OV5640_master/boards/Pynq_Z2/ov5640/bitstream/cv_ov5640/cv_ov5640.runs/cv_ov5640_xbar_1_synth_1/cv_ov5640_xbar_1.dcp' has been generated.
INFO: [Coretcl 2-1648] Added synthesis output to IP cache for IP cv_ov5640_xbar_1, cache-ID = 8d10660aedf33999
INFO: [Coretcl 2-1174] Renamed 15 cell refs.
Netlist sorting complete. Time (s): cpu = 00:00:00 ; elapsed = 00:00:00 . Memory (MB): peak = 819.691 ; gain = 0.000
WARNING: [Constraints 18-5210] No constraints selected for write.
Resolution: This message can indicate that there are no constraints for the design, or it can indicate that the used_in flags are set such that the constraints are ignored. This later case is used when running synth_design to not write synthesis constraints to the resulting checkpoint. Instead, project constraints are read when the synthesized design is opened.
INFO: [Common 17-1381] The checkpoint 'D:/Pynq_CV_OV5640_master/boards/Pynq_Z2/ov5640/bitstream/cv_ov5640/cv_ov5640.runs/cv_ov5640_xbar_1_synth_1/cv_ov5640_xbar_1.dcp' has been generated.
INFO: [runtcl-4] Executing : report_utilization -file cv_ov5640_xbar_1_utilization_synth.rpt -pb cv_ov5640_xbar_1_utilization_synth.pb
INFO: [Common 17-206] Exiting Vivado at Fri Apr 19 12:15:24 2024...
